2024-11-13 23:58:32.312 [info] [main] Log level: Info
2024-11-13 23:58:32.312 [info] [main] Validating found git in: "git"
2024-11-13 23:58:32.312 [info] [main] Using git "2.43.0" from "git"
2024-11-13 23:58:32.312 [info] [Model][doInitialScan] Initial repository scan started
2024-11-13 23:58:32.312 [info] > git rev-parse --show-toplevel [16ms]
2024-11-13 23:58:32.313 [info] > git rev-parse --git-dir --git-common-dir [2ms]
2024-11-13 23:58:32.330 [info] [Model][openRepository] Opened repository: /media/pavan-kumar/18df0440-867c-417a-90be-214c87af64ca/jsonschema
2024-11-13 23:58:32.344 [info] > git config --get commit.template [2ms]
2024-11-13 23:58:32.434 [info] > git rev-parse --show-toplevel [49ms]
2024-11-13 23:58:32.434 [info] > git for-each-ref --format=%(refname)%00%(upstream:short)%00%(objectname)%00%(upstream:track)%00%(upstream:remotename)%00%(upstream:remoteref) refs/heads/main refs/remotes/main [70ms]
2024-11-13 23:58:32.464 [warning] [Git][revParse] Unable to read file: ENOENT: no such file or directory, open '/media/pavan-kumar/18df0440-867c-417a-90be-214c87af64ca/jsonschema/.git/refs/remotes/origin/main'
2024-11-13 23:58:32.466 [info] > git rev-parse refs/remotes/origin/main [2ms]
2024-11-13 23:58:32.482 [info] > git rev-parse --show-toplevel [23ms]
2024-11-13 23:58:32.493 [info] > git for-each-ref --sort -committerdate --format %(refname) %(objectname) %(*objectname) [10ms]
2024-11-13 23:58:32.497 [info] > git rev-parse --show-toplevel [6ms]
2024-11-13 23:58:32.509 [info] > git rev-parse --show-toplevel [1ms]
2024-11-13 23:58:32.520 [info] > git rev-parse --show-toplevel [2ms]
2024-11-13 23:58:32.530 [info] > git status -z -uall [56ms]
2024-11-13 23:58:32.599 [info] > git for-each-ref --format=%(refname)%00%(upstream:short)%00%(objectname)%00%(upstream:track)%00%(upstream:remotename)%00%(upstream:remoteref) refs/heads/main refs/remotes/main [13ms]
2024-11-13 23:58:32.607 [info] > git rev-parse --show-toplevel [80ms]
2024-11-13 23:58:32.617 [info] > git config --local branch.main.vscode-merge-base [11ms]
2024-11-13 23:58:32.617 [warning] [Git][config] git config failed: Failed to execute git
2024-11-13 23:58:32.625 [info] > git config --get commit.template [26ms]
2024-11-13 23:58:32.627 [info] > git rev-parse --show-toplevel [11ms]
2024-11-13 23:58:32.696 [info] > git reflog main --grep-reflog=branch: Created from *. [72ms]
2024-11-13 23:58:32.952 [info] > git symbolic-ref --short refs/remotes/origin/HEAD [251ms]
2024-11-13 23:58:32.960 [info] > git rev-parse --show-toplevel [264ms]
2024-11-13 23:58:32.961 [info] > git for-each-ref --format=%(refname)%00%(upstream:short)%00%(objectname)%00%(upstream:track)%00%(upstream:remotename)%00%(upstream:remoteref) refs/heads/main refs/remotes/main [270ms]
2024-11-13 23:58:32.984 [warning] [Git][revParse] Unable to read file: ENOENT: no such file or directory, open '/media/pavan-kumar/18df0440-867c-417a-90be-214c87af64ca/jsonschema/.git/refs/remotes/origin/main'
2024-11-13 23:58:32.984 [info] > git check-ignore -v -z --stdin [17ms]
2024-11-13 23:58:32.985 [info] > git for-each-ref --format=%(refname)%00%(upstream:short)%00%(objectname)%00%(upstream:track)%00%(upstream:remotename)%00%(upstream:remoteref) refs/heads/origin/main refs/remotes/origin/main [25ms]
2024-11-13 23:58:32.995 [info] > git rev-parse refs/remotes/origin/main [11ms]
2024-11-13 23:58:33.008 [info] > git rev-parse --show-toplevel [29ms]
2024-11-13 23:58:33.014 [info] [Model][doInitialScan] Initial repository scan completed - repositories (1), closed repositories (0), parent repositories (0), unsafe repositories (0)
2024-11-13 23:58:33.016 [info] > git for-each-ref --sort -committerdate --format %(refname) %(objectname) %(*objectname) [8ms]
2024-11-13 23:58:33.016 [info] > git config --local branch.main.vscode-merge-base origin/main [24ms]
2024-11-13 23:58:33.038 [info] > git status -z -uall [38ms] (cancelled)
2024-11-13 23:58:33.038 [info] > git for-each-ref --format=%(refname)%00%(upstream:short)%00%(objectname)%00%(upstream:track)%00%(upstream:remotename)%00%(upstream:remoteref) refs/heads/main refs/remotes/main [13ms]
2024-11-13 23:58:33.057 [info] > git config --local branch.main.vscode-merge-base [7ms]
2024-11-13 23:58:33.074 [info] > git config --get commit.template [39ms]
2024-11-13 23:58:33.082 [info] > git for-each-ref --format=%(refname)%00%(upstream:short)%00%(objectname)%00%(upstream:track)%00%(upstream:remotename)%00%(upstream:remoteref) refs/heads/origin/main refs/remotes/origin/main [8ms]
2024-11-13 23:58:33.094 [info] > git for-each-ref --format=%(refname)%00%(upstream:short)%00%(objectname)%00%(upstream:track)%00%(upstream:remotename)%00%(upstream:remoteref) refs/heads/main refs/remotes/main [13ms]
2024-11-13 23:58:33.102 [warning] [Git][revParse] Unable to read file: ENOENT: no such file or directory, open '/media/pavan-kumar/18df0440-867c-417a-90be-214c87af64ca/jsonschema/.git/refs/remotes/origin/main'
2024-11-13 23:58:33.103 [info] > git merge-base refs/heads/main refs/remotes/origin/main [11ms]
2024-11-13 23:58:33.113 [info] > git rev-parse refs/remotes/origin/main [11ms]
2024-11-13 23:58:33.127 [info] > git diff --name-status -z --diff-filter=ADMR 13d7bf11a831aeea92e912a515886e8e7d5a7158...refs/remotes/origin/main [14ms]
2024-11-13 23:58:33.128 [info] > git for-each-ref --sort -committerdate --format %(refname) %(objectname) %(*objectname) [2ms]
2024-11-13 23:58:33.140 [info] > git status -z -uall [20ms]
2024-11-13 23:58:35.150 [info] > git config --get commit.template [13ms]
2024-11-13 23:58:35.155 [info] > git for-each-ref --format=%(refname)%00%(upstream:short)%00%(objectname)%00%(upstream:track)%00%(upstream:remotename)%00%(upstream:remoteref) refs/heads/main refs/remotes/main [7ms]
2024-11-13 23:58:35.172 [warning] [Git][revParse] Unable to read file: ENOENT: no such file or directory, open '/media/pavan-kumar/18df0440-867c-417a-90be-214c87af64ca/jsonschema/.git/refs/remotes/origin/main'
2024-11-13 23:58:35.175 [info] > git rev-parse refs/remotes/origin/main [3ms]
2024-11-13 23:58:35.197 [info] > git for-each-ref --sort -committerdate --format %(refname) %(objectname) %(*objectname) [6ms]
2024-11-13 23:58:35.235 [info] > git status -z -uall [52ms]
2024-11-13 23:58:38.483 [info] > git show --textconv :CONTRIBUTING.markdown [16ms]
2024-11-13 23:58:38.484 [info] > git ls-files --stage -- /media/pavan-kumar/18df0440-867c-417a-90be-214c87af64ca/jsonschema/CONTRIBUTING.markdown [5ms]
2024-11-13 23:58:38.495 [info] > git cat-file -s 0c26877ebc6c2e58e80ee6eb916022137910dfa1 [2ms]
2024-11-13 23:58:40.288 [info] > git config --get commit.template [14ms]
2024-11-13 23:58:40.289 [info] > git for-each-ref --format=%(refname)%00%(upstream:short)%00%(objectname)%00%(upstream:track)%00%(upstream:remotename)%00%(upstream:remoteref) refs/heads/main refs/remotes/main [4ms]
2024-11-13 23:58:40.301 [warning] [Git][revParse] Unable to read file: ENOENT: no such file or directory, open '/media/pavan-kumar/18df0440-867c-417a-90be-214c87af64ca/jsonschema/.git/refs/remotes/origin/main'
2024-11-13 23:58:40.304 [info] > git rev-parse refs/remotes/origin/main [3ms]
2024-11-13 23:58:40.333 [info] > git for-each-ref --sort -committerdate --format %(refname) %(objectname) %(*objectname) [4ms]
2024-11-13 23:58:40.362 [info] > git status -z -uall [46ms]
2024-11-13 23:58:41.771 [info] > git show --textconv :DEPENDENCIES [16ms]
2024-11-13 23:58:41.774 [info] > git ls-files --stage -- /media/pavan-kumar/18df0440-867c-417a-90be-214c87af64ca/jsonschema/DEPENDENCIES [5ms]
2024-11-13 23:58:41.789 [info] > git cat-file -s 3ba7ace3db76cff1d9cd1ea0c750cdd4003ff202 [3ms]
2024-11-13 23:58:43.814 [info] > git show --textconv :CONTRIBUTING.markdown [17ms]
2024-11-13 23:58:43.819 [info] > git ls-files --stage -- /media/pavan-kumar/18df0440-867c-417a-90be-214c87af64ca/jsonschema/CONTRIBUTING.markdown [6ms]
2024-11-13 23:58:43.836 [info] > git cat-file -s 0c26877ebc6c2e58e80ee6eb916022137910dfa1 [4ms]
2024-11-13 23:58:45.436 [info] > git config --get commit.template [13ms]
2024-11-13 23:58:45.438 [info] > git for-each-ref --format=%(refname)%00%(upstream:short)%00%(objectname)%00%(upstream:track)%00%(upstream:remotename)%00%(upstream:remoteref) refs/heads/main refs/remotes/main [4ms]
2024-11-13 23:58:45.450 [warning] [Git][revParse] Unable to read file: ENOENT: no such file or directory, open '/media/pavan-kumar/18df0440-867c-417a-90be-214c87af64ca/jsonschema/.git/refs/remotes/origin/main'
2024-11-13 23:58:45.453 [info] > git rev-parse refs/remotes/origin/main [4ms]
2024-11-13 23:58:45.482 [info] > git for-each-ref --sort -committerdate --format %(refname) %(objectname) %(*objectname) [5ms]
2024-11-13 23:58:45.513 [info] > git status -z -uall [49ms]
2024-11-13 23:58:45.797 [info] > git show --textconv :CMakeLists.txt [7ms]
2024-11-13 23:58:45.798 [info] > git ls-files --stage -- /media/pavan-kumar/18df0440-867c-417a-90be-214c87af64ca/jsonschema/CMakeLists.txt [2ms]
2024-11-13 23:58:45.804 [info] > git cat-file -s 518cfae6bd4ea596ed38afa09c8a82671c5fef4d [1ms]
2024-11-13 23:58:48.787 [info] > git check-ignore -v -z --stdin [5ms]
2024-11-13 23:58:50.587 [info] > git config --get commit.template [13ms]
2024-11-13 23:58:50.590 [info] > git for-each-ref --format=%(refname)%00%(upstream:short)%00%(objectname)%00%(upstream:track)%00%(upstream:remotename)%00%(upstream:remoteref) refs/heads/main refs/remotes/main [4ms]
2024-11-13 23:58:50.601 [warning] [Git][revParse] Unable to read file: ENOENT: no such file or directory, open '/media/pavan-kumar/18df0440-867c-417a-90be-214c87af64ca/jsonschema/.git/refs/remotes/origin/main'
2024-11-13 23:58:50.605 [info] > git rev-parse refs/remotes/origin/main [4ms]
2024-11-13 23:58:50.634 [info] > git for-each-ref --sort -committerdate --format %(refname) %(objectname) %(*objectname) [3ms]
2024-11-13 23:58:50.660 [info] > git status -z -uall [43ms]
2024-11-13 23:58:55.725 [info] > git config --get commit.template [14ms]
2024-11-13 23:58:55.728 [info] > git for-each-ref --format=%(refname)%00%(upstream:short)%00%(objectname)%00%(upstream:track)%00%(upstream:remotename)%00%(upstream:remoteref) refs/heads/main refs/remotes/main [4ms]
2024-11-13 23:58:55.740 [warning] [Git][revParse] Unable to read file: ENOENT: no such file or directory, open '/media/pavan-kumar/18df0440-867c-417a-90be-214c87af64ca/jsonschema/.git/refs/remotes/origin/main'
2024-11-13 23:58:55.743 [info] > git rev-parse refs/remotes/origin/main [3ms]
2024-11-13 23:58:55.771 [info] > git for-each-ref --sort -committerdate --format %(refname) %(objectname) %(*objectname) [4ms]
2024-11-13 23:58:55.798 [info] > git status -z -uall [43ms]
2024-11-13 23:59:00.870 [info] > git config --get commit.template [18ms]
2024-11-13 23:59:00.873 [info] > git for-each-ref --format=%(refname)%00%(upstream:short)%00%(objectname)%00%(upstream:track)%00%(upstream:remotename)%00%(upstream:remoteref) refs/heads/main refs/remotes/main [6ms]
2024-11-13 23:59:00.887 [warning] [Git][revParse] Unable to read file: ENOENT: no such file or directory, open '/media/pavan-kumar/18df0440-867c-417a-90be-214c87af64ca/jsonschema/.git/refs/remotes/origin/main'
2024-11-13 23:59:00.891 [info] > git rev-parse refs/remotes/origin/main [3ms]
2024-11-13 23:59:00.925 [info] > git for-each-ref --sort -committerdate --format %(refname) %(objectname) %(*objectname) [5ms]
2024-11-13 23:59:00.954 [info] > git status -z -uall [49ms]
2024-11-13 23:59:03.564 [info] > git show --textconv :CMakeLists.txt [8ms]
2024-11-13 23:59:03.566 [info] > git ls-files --stage -- /media/pavan-kumar/18df0440-867c-417a-90be-214c87af64ca/jsonschema/CMakeLists.txt [3ms]
2024-11-13 23:59:03.577 [info] > git cat-file -s 518cfae6bd4ea596ed38afa09c8a82671c5fef4d [2ms]
2024-11-13 23:59:07.229 [info] > git check-ignore -v -z --stdin [3ms]
2024-11-13 23:59:08.777 [info] > git show --textconv :src/main.cc [7ms]
2024-11-13 23:59:08.778 [info] > git ls-files --stage -- /media/pavan-kumar/18df0440-867c-417a-90be-214c87af64ca/jsonschema/src/main.cc [2ms]
2024-11-13 23:59:08.788 [info] > git cat-file -s e75e5e0ec040481ebc49938ace2e6419e3c624a5 [2ms]
2024-11-13 23:59:24.193 [info] > git config --get commit.template [19ms]
2024-11-13 23:59:24.197 [info] > git for-each-ref --format=%(refname)%00%(upstream:short)%00%(objectname)%00%(upstream:track)%00%(upstream:remotename)%00%(upstream:remoteref) refs/heads/main refs/remotes/main [6ms]
2024-11-13 23:59:24.211 [warning] [Git][revParse] Unable to read file: ENOENT: no such file or directory, open '/media/pavan-kumar/18df0440-867c-417a-90be-214c87af64ca/jsonschema/.git/refs/remotes/origin/main'
2024-11-13 23:59:24.215 [info] > git rev-parse refs/remotes/origin/main [4ms]
2024-11-13 23:59:24.257 [info] > git for-each-ref --sort -committerdate --format %(refname) %(objectname) %(*objectname) [6ms]
2024-11-13 23:59:24.285 [info] > git status -z -uall [54ms]
2024-11-13 23:59:29.351 [info] > git config --get commit.template [7ms]
2024-11-13 23:59:29.352 [info] > git for-each-ref --format=%(refname)%00%(upstream:short)%00%(objectname)%00%(upstream:track)%00%(upstream:remotename)%00%(upstream:remoteref) refs/heads/main refs/remotes/main [2ms]
2024-11-13 23:59:29.358 [warning] [Git][revParse] Unable to read file: ENOENT: no such file or directory, open '/media/pavan-kumar/18df0440-867c-417a-90be-214c87af64ca/jsonschema/.git/refs/remotes/origin/main'
2024-11-13 23:59:29.359 [info] > git rev-parse refs/remotes/origin/main [1ms]
2024-11-13 23:59:29.374 [info] > git for-each-ref --sort -committerdate --format %(refname) %(objectname) %(*objectname) [2ms]
2024-11-13 23:59:29.392 [info] > git status -z -uall [27ms]
2024-11-13 23:59:34.437 [info] > git config --get commit.template [15ms]
2024-11-13 23:59:34.439 [info] > git for-each-ref --format=%(refname)%00%(upstream:short)%00%(objectname)%00%(upstream:track)%00%(upstream:remotename)%00%(upstream:remoteref) refs/heads/main refs/remotes/main [4ms]
2024-11-13 23:59:34.451 [warning] [Git][revParse] Unable to read file: ENOENT: no such file or directory, open '/media/pavan-kumar/18df0440-867c-417a-90be-214c87af64ca/jsonschema/.git/refs/remotes/origin/main'
2024-11-13 23:59:34.454 [info] > git rev-parse refs/remotes/origin/main [3ms]
2024-11-13 23:59:34.483 [info] > git for-each-ref --sort -committerdate --format %(refname) %(objectname) %(*objectname) [4ms]
2024-11-13 23:59:34.508 [info] > git status -z -uall [42ms]
2024-11-13 23:59:57.475 [info] > git config --get commit.template [20ms]
2024-11-13 23:59:57.478 [info] > git for-each-ref --format=%(refname)%00%(upstream:short)%00%(objectname)%00%(upstream:track)%00%(upstream:remotename)%00%(upstream:remoteref) refs/heads/main refs/remotes/main [5ms]
2024-11-13 23:59:57.493 [warning] [Git][revParse] Unable to read file: ENOENT: no such file or directory, open '/media/pavan-kumar/18df0440-867c-417a-90be-214c87af64ca/jsonschema/.git/refs/remotes/origin/main'
2024-11-13 23:59:57.497 [info] > git rev-parse refs/remotes/origin/main [4ms]
2024-11-13 23:59:57.535 [info] > git for-each-ref --sort -committerdate --format %(refname) %(objectname) %(*objectname) [4ms]
2024-11-13 23:59:57.586 [info] > git status -z -uall [74ms]
2024-11-14 00:01:20.999 [info] > git config --get commit.template [22ms]
2024-11-14 00:01:21.002 [info] > git for-each-ref --format=%(refname)%00%(upstream:short)%00%(objectname)%00%(upstream:track)%00%(upstream:remotename)%00%(upstream:remoteref) refs/heads/main refs/remotes/main [6ms]
2024-11-14 00:01:21.016 [warning] [Git][revParse] Unable to read file: ENOENT: no such file or directory, open '/media/pavan-kumar/18df0440-867c-417a-90be-214c87af64ca/jsonschema/.git/refs/remotes/origin/main'
2024-11-14 00:01:21.021 [info] > git rev-parse refs/remotes/origin/main [5ms]
2024-11-14 00:01:21.058 [info] > git for-each-ref --sort -committerdate --format %(refname) %(objectname) %(*objectname) [5ms]
2024-11-14 00:01:21.090 [info] > git status -z -uall [54ms]
2024-11-14 00:01:26.168 [info] > git config --get commit.template [16ms]
2024-11-14 00:01:26.170 [info] > git for-each-ref --format=%(refname)%00%(upstream:short)%00%(objectname)%00%(upstream:track)%00%(upstream:remotename)%00%(upstream:remoteref) refs/heads/main refs/remotes/main [4ms]
2024-11-14 00:01:26.191 [warning] [Git][revParse] Unable to read file: ENOENT: no such file or directory, open '/media/pavan-kumar/18df0440-867c-417a-90be-214c87af64ca/jsonschema/.git/refs/remotes/origin/main'
2024-11-14 00:01:26.195 [info] > git rev-parse refs/remotes/origin/main [3ms]
2024-11-14 00:01:26.228 [info] > git for-each-ref --sort -committerdate --format %(refname) %(objectname) %(*objectname) [4ms]
2024-11-14 00:01:26.256 [info] > git status -z -uall [47ms]
2024-11-14 00:01:31.313 [info] > git config --get commit.template [3ms]
2024-11-14 00:01:31.331 [info] > git for-each-ref --format=%(refname)%00%(upstream:short)%00%(objectname)%00%(upstream:track)%00%(upstream:remotename)%00%(upstream:remoteref) refs/heads/main refs/remotes/main [4ms]
2024-11-14 00:01:31.344 [warning] [Git][revParse] Unable to read file: ENOENT: no such file or directory, open '/media/pavan-kumar/18df0440-867c-417a-90be-214c87af64ca/jsonschema/.git/refs/remotes/origin/main'
2024-11-14 00:01:31.347 [info] > git rev-parse refs/remotes/origin/main [2ms]
2024-11-14 00:01:31.382 [info] > git for-each-ref --sort -committerdate --format %(refname) %(objectname) %(*objectname) [4ms]
2024-11-14 00:01:31.410 [info] > git status -z -uall [49ms]
2024-11-14 00:01:36.468 [info] > git config --get commit.template [12ms]
2024-11-14 00:01:36.472 [info] > git for-each-ref --format=%(refname)%00%(upstream:short)%00%(objectname)%00%(upstream:track)%00%(upstream:remotename)%00%(upstream:remoteref) refs/heads/main refs/remotes/main [4ms]
2024-11-14 00:01:36.484 [warning] [Git][revParse] Unable to read file: ENOENT: no such file or directory, open '/media/pavan-kumar/18df0440-867c-417a-90be-214c87af64ca/jsonschema/.git/refs/remotes/origin/main'
2024-11-14 00:01:36.485 [info] > git rev-parse refs/remotes/origin/main [1ms]
2024-11-14 00:01:36.503 [info] > git for-each-ref --sort -committerdate --format %(refname) %(objectname) %(*objectname) [2ms]
2024-11-14 00:01:36.515 [info] > git status -z -uall [22ms]
2024-11-14 00:01:41.567 [info] > git config --get commit.template [17ms]
2024-11-14 00:01:41.569 [info] > git for-each-ref --format=%(refname)%00%(upstream:short)%00%(objectname)%00%(upstream:track)%00%(upstream:remotename)%00%(upstream:remoteref) refs/heads/main refs/remotes/main [4ms]
2024-11-14 00:01:41.591 [warning] [Git][revParse] Unable to read file: ENOENT: no such file or directory, open '/media/pavan-kumar/18df0440-867c-417a-90be-214c87af64ca/jsonschema/.git/refs/remotes/origin/main'
2024-11-14 00:01:41.594 [info] > git rev-parse refs/remotes/origin/main [3ms]
2024-11-14 00:01:41.625 [info] > git for-each-ref --sort -committerdate --format %(refname) %(objectname) %(*objectname) [4ms]
2024-11-14 00:01:41.650 [info] > git status -z -uall [43ms]
2024-11-14 00:01:46.697 [info] > git config --get commit.template [14ms]
2024-11-14 00:01:46.700 [info] > git for-each-ref --format=%(refname)%00%(upstream:short)%00%(objectname)%00%(upstream:track)%00%(upstream:remotename)%00%(upstream:remoteref) refs/heads/main refs/remotes/main [4ms]
2024-11-14 00:01:46.713 [warning] [Git][revParse] Unable to read file: ENOENT: no such file or directory, open '/media/pavan-kumar/18df0440-867c-417a-90be-214c87af64ca/jsonschema/.git/refs/remotes/origin/main'
2024-11-14 00:01:46.716 [info] > git rev-parse refs/remotes/origin/main [3ms]
2024-11-14 00:01:46.749 [info] > git for-each-ref --sort -committerdate --format %(refname) %(objectname) %(*objectname) [5ms]
2024-11-14 00:01:46.780 [info] > git status -z -uall [51ms]
2024-11-14 00:01:51.845 [info] > git config --get commit.template [15ms]
2024-11-14 00:01:51.848 [info] > git for-each-ref --format=%(refname)%00%(upstream:short)%00%(objectname)%00%(upstream:track)%00%(upstream:remotename)%00%(upstream:remoteref) refs/heads/main refs/remotes/main [4ms]
2024-11-14 00:01:51.862 [warning] [Git][revParse] Unable to read file: ENOENT: no such file or directory, open '/media/pavan-kumar/18df0440-867c-417a-90be-214c87af64ca/jsonschema/.git/refs/remotes/origin/main'
2024-11-14 00:01:51.866 [info] > git rev-parse refs/remotes/origin/main [3ms]
2024-11-14 00:01:51.897 [info] > git for-each-ref --sort -committerdate --format %(refname) %(objectname) %(*objectname) [4ms]
2024-11-14 00:01:51.926 [info] > git status -z -uall [46ms]
2024-11-14 00:01:56.998 [info] > git config --get commit.template [20ms]
2024-11-14 00:01:57.001 [info] > git for-each-ref --format=%(refname)%00%(upstream:short)%00%(objectname)%00%(upstream:track)%00%(upstream:remotename)%00%(upstream:remoteref) refs/heads/main refs/remotes/main [4ms]
2024-11-14 00:01:57.018 [warning] [Git][revParse] Unable to read file: ENOENT: no such file or directory, open '/media/pavan-kumar/18df0440-867c-417a-90be-214c87af64ca/jsonschema/.git/refs/remotes/origin/main'
2024-11-14 00:01:57.022 [info] > git rev-parse refs/remotes/origin/main [4ms]
2024-11-14 00:01:57.061 [info] > git for-each-ref --sort -committerdate --format %(refname) %(objectname) %(*objectname) [5ms]
2024-11-14 00:01:57.091 [info] > git status -z -uall [53ms]
2024-11-14 00:02:02.166 [info] > git config --get commit.template [18ms]
2024-11-14 00:02:02.169 [info] > git for-each-ref --format=%(refname)%00%(upstream:short)%00%(objectname)%00%(upstream:track)%00%(upstream:remotename)%00%(upstream:remoteref) refs/heads/main refs/remotes/main [5ms]
2024-11-14 00:02:02.184 [warning] [Git][revParse] Unable to read file: ENOENT: no such file or directory, open '/media/pavan-kumar/18df0440-867c-417a-90be-214c87af64ca/jsonschema/.git/refs/remotes/origin/main'
2024-11-14 00:02:02.188 [info] > git rev-parse refs/remotes/origin/main [3ms]
2024-11-14 00:02:02.225 [info] > git for-each-ref --sort -committerdate --format %(refname) %(objectname) %(*objectname) [4ms]
2024-11-14 00:02:02.255 [info] > git status -z -uall [53ms]
2024-11-14 00:02:07.326 [info] > git config --get commit.template [15ms]
2024-11-14 00:02:07.329 [info] > git for-each-ref --format=%(refname)%00%(upstream:short)%00%(objectname)%00%(upstream:track)%00%(upstream:remotename)%00%(upstream:remoteref) refs/heads/main refs/remotes/main [5ms]
2024-11-14 00:02:07.342 [warning] [Git][revParse] Unable to read file: ENOENT: no such file or directory, open '/media/pavan-kumar/18df0440-867c-417a-90be-214c87af64ca/jsonschema/.git/refs/remotes/origin/main'
2024-11-14 00:02:07.345 [info] > git rev-parse refs/remotes/origin/main [3ms]
2024-11-14 00:02:07.375 [info] > git for-each-ref --sort -committerdate --format %(refname) %(objectname) %(*objectname) [4ms]
2024-11-14 00:02:07.401 [info] > git status -z -uall [43ms]
2024-11-14 00:02:12.472 [info] > git config --get commit.template [17ms]
2024-11-14 00:02:12.474 [info] > git for-each-ref --format=%(refname)%00%(upstream:short)%00%(objectname)%00%(upstream:track)%00%(upstream:remotename)%00%(upstream:remoteref) refs/heads/main refs/remotes/main [3ms]
2024-11-14 00:02:12.487 [warning] [Git][revParse] Unable to read file: ENOENT: no such file or directory, open '/media/pavan-kumar/18df0440-867c-417a-90be-214c87af64ca/jsonschema/.git/refs/remotes/origin/main'
2024-11-14 00:02:12.490 [info] > git rev-parse refs/remotes/origin/main [3ms]
2024-11-14 00:02:12.521 [info] > git for-each-ref --sort -committerdate --format %(refname) %(objectname) %(*objectname) [5ms]
2024-11-14 00:02:12.548 [info] > git status -z -uall [46ms]
2024-11-14 00:02:17.609 [info] > git config --get commit.template [7ms]
2024-11-14 00:02:17.611 [info] > git for-each-ref --format=%(refname)%00%(upstream:short)%00%(objectname)%00%(upstream:track)%00%(upstream:remotename)%00%(upstream:remoteref) refs/heads/main refs/remotes/main [3ms]
2024-11-14 00:02:17.619 [warning] [Git][revParse] Unable to read file: ENOENT: no such file or directory, open '/media/pavan-kumar/18df0440-867c-417a-90be-214c87af64ca/jsonschema/.git/refs/remotes/origin/main'
2024-11-14 00:02:17.620 [info] > git rev-parse refs/remotes/origin/main [1ms]
2024-11-14 00:02:17.639 [info] > git for-each-ref --sort -committerdate --format %(refname) %(objectname) %(*objectname) [3ms]
2024-11-14 00:02:17.650 [info] > git status -z -uall [22ms]
2024-11-14 00:02:22.694 [info] > git config --get commit.template [15ms]
2024-11-14 00:02:22.697 [info] > git for-each-ref --format=%(refname)%00%(upstream:short)%00%(objectname)%00%(upstream:track)%00%(upstream:remotename)%00%(upstream:remoteref) refs/heads/main refs/remotes/main [5ms]
2024-11-14 00:02:22.709 [warning] [Git][revParse] Unable to read file: ENOENT: no such file or directory, open '/media/pavan-kumar/18df0440-867c-417a-90be-214c87af64ca/jsonschema/.git/refs/remotes/origin/main'
2024-11-14 00:02:22.712 [info] > git rev-parse refs/remotes/origin/main [3ms]
2024-11-14 00:02:22.742 [info] > git for-each-ref --sort -committerdate --format %(refname) %(objectname) %(*objectname) [3ms]
2024-11-14 00:02:22.770 [info] > git status -z -uall [45ms]
2024-11-14 00:02:37.848 [info] > git config --get commit.template [10ms]
2024-11-14 00:02:37.850 [info] > git for-each-ref --format=%(refname)%00%(upstream:short)%00%(objectname)%00%(upstream:track)%00%(upstream:remotename)%00%(upstream:remoteref) refs/heads/main refs/remotes/main [3ms]
2024-11-14 00:02:37.857 [warning] [Git][revParse] Unable to read file: ENOENT: no such file or directory, open '/media/pavan-kumar/18df0440-867c-417a-90be-214c87af64ca/jsonschema/.git/refs/remotes/origin/main'
2024-11-14 00:02:37.859 [info] > git rev-parse refs/remotes/origin/main [2ms]
2024-11-14 00:02:37.879 [info] > git for-each-ref --sort -committerdate --format %(refname) %(objectname) %(*objectname) [3ms]
2024-11-14 00:02:37.894 [info] > git status -z -uall [27ms]
2024-11-14 00:02:42.944 [info] > git config --get commit.template [14ms]
2024-11-14 00:02:42.946 [info] > git for-each-ref --format=%(refname)%00%(upstream:short)%00%(objectname)%00%(upstream:track)%00%(upstream:remotename)%00%(upstream:remoteref) refs/heads/main refs/remotes/main [4ms]
2024-11-14 00:02:42.959 [warning] [Git][revParse] Unable to read file: ENOENT: no such file or directory, open '/media/pavan-kumar/18df0440-867c-417a-90be-214c87af64ca/jsonschema/.git/refs/remotes/origin/main'
2024-11-14 00:02:42.963 [info] > git rev-parse refs/remotes/origin/main [4ms]
2024-11-14 00:02:42.996 [info] > git for-each-ref --sort -committerdate --format %(refname) %(objectname) %(*objectname) [4ms]
2024-11-14 00:02:43.023 [info] > git status -z -uall [46ms]
2024-11-14 00:02:48.104 [info] > git config --get commit.template [18ms]
2024-11-14 00:02:48.108 [info] > git for-each-ref --format=%(refname)%00%(upstream:short)%00%(objectname)%00%(upstream:track)%00%(upstream:remotename)%00%(upstream:remoteref) refs/heads/main refs/remotes/main [6ms]
2024-11-14 00:02:48.127 [warning] [Git][revParse] Unable to read file: ENOENT: no such file or directory, open '/media/pavan-kumar/18df0440-867c-417a-90be-214c87af64ca/jsonschema/.git/refs/remotes/origin/main'
2024-11-14 00:02:48.130 [info] > git rev-parse refs/remotes/origin/main [3ms]
2024-11-14 00:02:48.167 [info] > git for-each-ref --sort -committerdate --format %(refname) %(objectname) %(*objectname) [4ms]
2024-11-14 00:02:48.191 [info] > git status -z -uall [45ms]
2024-11-14 00:02:53.263 [info] > git config --get commit.template [18ms]
2024-11-14 00:02:53.265 [info] > git for-each-ref --format=%(refname)%00%(upstream:short)%00%(objectname)%00%(upstream:track)%00%(upstream:remotename)%00%(upstream:remoteref) refs/heads/main refs/remotes/main [4ms]
2024-11-14 00:02:53.280 [warning] [Git][revParse] Unable to read file: ENOENT: no such file or directory, open '/media/pavan-kumar/18df0440-867c-417a-90be-214c87af64ca/jsonschema/.git/refs/remotes/origin/main'
2024-11-14 00:02:53.284 [info] > git rev-parse refs/remotes/origin/main [4ms]
2024-11-14 00:02:53.321 [info] > git for-each-ref --sort -committerdate --format %(refname) %(objectname) %(*objectname) [4ms]
2024-11-14 00:02:53.351 [info] > git status -z -uall [52ms]
2024-11-14 00:02:58.412 [info] > git config --get commit.template [10ms]
2024-11-14 00:02:58.413 [info] > git for-each-ref --format=%(refname)%00%(upstream:short)%00%(objectname)%00%(upstream:track)%00%(upstream:remotename)%00%(upstream:remoteref) refs/heads/main refs/remotes/main [2ms]
2024-11-14 00:02:58.420 [warning] [Git][revParse] Unable to read file: ENOENT: no such file or directory, open '/media/pavan-kumar/18df0440-867c-417a-90be-214c87af64ca/jsonschema/.git/refs/remotes/origin/main'
2024-11-14 00:02:58.423 [info] > git rev-parse refs/remotes/origin/main [3ms]
2024-11-14 00:02:58.450 [info] > git for-each-ref --sort -committerdate --format %(refname) %(objectname) %(*objectname) [4ms]
2024-11-14 00:02:58.482 [info] > git status -z -uall [50ms]
2024-11-14 00:03:03.566 [info] > git config --get commit.template [18ms]
2024-11-14 00:03:03.569 [info] > git for-each-ref --format=%(refname)%00%(upstream:short)%00%(objectname)%00%(upstream:track)%00%(upstream:remotename)%00%(upstream:remoteref) refs/heads/main refs/remotes/main [4ms]
2024-11-14 00:03:03.584 [warning] [Git][revParse] Unable to read file: ENOENT: no such file or directory, open '/media/pavan-kumar/18df0440-867c-417a-90be-214c87af64ca/jsonschema/.git/refs/remotes/origin/main'
2024-11-14 00:03:03.587 [info] > git rev-parse refs/remotes/origin/main [3ms]
2024-11-14 00:03:03.623 [info] > git for-each-ref --sort -committerdate --format %(refname) %(objectname) %(*objectname) [6ms]
2024-11-14 00:03:03.652 [info] > git status -z -uall [50ms]
2024-11-14 00:03:08.718 [info] > git config --get commit.template [15ms]
2024-11-14 00:03:08.720 [info] > git for-each-ref --format=%(refname)%00%(upstream:short)%00%(objectname)%00%(upstream:track)%00%(upstream:remotename)%00%(upstream:remoteref) refs/heads/main refs/remotes/main [3ms]
2024-11-14 00:03:08.733 [warning] [Git][revParse] Unable to read file: ENOENT: no such file or directory, open '/media/pavan-kumar/18df0440-867c-417a-90be-214c87af64ca/jsonschema/.git/refs/remotes/origin/main'
2024-11-14 00:03:08.736 [info] > git rev-parse refs/remotes/origin/main [3ms]
2024-11-14 00:03:08.766 [info] > git for-each-ref --sort -committerdate --format %(refname) %(objectname) %(*objectname) [3ms]
2024-11-14 00:03:08.792 [info] > git status -z -uall [44ms]
2024-11-14 00:03:09.560 [info] > git show --textconv :src/main.cc [19ms]
2024-11-14 00:03:09.564 [info] > git ls-files --stage -- /media/pavan-kumar/18df0440-867c-417a-90be-214c87af64ca/jsonschema/src/main.cc [6ms]
2024-11-14 00:03:09.588 [info] > git cat-file -s e75e5e0ec040481ebc49938ace2e6419e3c624a5 [5ms]
2024-11-14 00:03:13.864 [info] > git config --get commit.template [15ms]
2024-11-14 00:03:13.866 [info] > git for-each-ref --format=%(refname)%00%(upstream:short)%00%(objectname)%00%(upstream:track)%00%(upstream:remotename)%00%(upstream:remoteref) refs/heads/main refs/remotes/main [4ms]
2024-11-14 00:03:13.879 [warning] [Git][revParse] Unable to read file: ENOENT: no such file or directory, open '/media/pavan-kumar/18df0440-867c-417a-90be-214c87af64ca/jsonschema/.git/refs/remotes/origin/main'
2024-11-14 00:03:13.882 [info] > git rev-parse refs/remotes/origin/main [2ms]
2024-11-14 00:03:13.911 [info] > git for-each-ref --sort -committerdate --format %(refname) %(objectname) %(*objectname) [4ms]
2024-11-14 00:03:13.938 [info] > git status -z -uall [44ms]
2024-11-14 00:03:19.019 [info] > git config --get commit.template [21ms]
2024-11-14 00:03:19.023 [info] > git for-each-ref --format=%(refname)%00%(upstream:short)%00%(objectname)%00%(upstream:track)%00%(upstream:remotename)%00%(upstream:remoteref) refs/heads/main refs/remotes/main [7ms]
2024-11-14 00:03:19.039 [warning] [Git][revParse] Unable to read file: ENOENT: no such file or directory, open '/media/pavan-kumar/18df0440-867c-417a-90be-214c87af64ca/jsonschema/.git/refs/remotes/origin/main'
2024-11-14 00:03:19.043 [info] > git rev-parse refs/remotes/origin/main [4ms]
2024-11-14 00:03:19.094 [info] > git for-each-ref --sort -committerdate --format %(refname) %(objectname) %(*objectname) [6ms]
2024-11-14 00:03:19.127 [info] > git status -z -uall [64ms]
2024-11-14 00:03:24.252 [info] > git config --get commit.template [42ms]
2024-11-14 00:03:24.259 [info] > git for-each-ref --format=%(refname)%00%(upstream:short)%00%(objectname)%00%(upstream:track)%00%(upstream:remotename)%00%(upstream:remoteref) refs/heads/main refs/remotes/main [11ms]
2024-11-14 00:03:24.292 [warning] [Git][revParse] Unable to read file: ENOENT: no such file or directory, open '/media/pavan-kumar/18df0440-867c-417a-90be-214c87af64ca/jsonschema/.git/refs/remotes/origin/main'
2024-11-14 00:03:24.301 [info] > git rev-parse refs/remotes/origin/main [9ms]
2024-11-14 00:03:24.361 [info] > git for-each-ref --sort -committerdate --format %(refname) %(objectname) %(*objectname) [3ms]
2024-11-14 00:03:24.373 [info] > git status -z -uall [48ms]
2024-11-14 00:03:29.414 [info] > git for-each-ref --format=%(refname)%00%(upstream:short)%00%(objectname)%00%(upstream:track)%00%(upstream:remotename)%00%(upstream:remoteref) refs/heads/main refs/remotes/main [1ms]
2024-11-14 00:03:29.415 [info] > git config --get commit.template [13ms]
2024-11-14 00:03:29.425 [warning] [Git][revParse] Unable to read file: ENOENT: no such file or directory, open '/media/pavan-kumar/18df0440-867c-417a-90be-214c87af64ca/jsonschema/.git/refs/remotes/origin/main'
2024-11-14 00:03:29.426 [info] > git rev-parse refs/remotes/origin/main [1ms]
2024-11-14 00:03:29.447 [info] > git for-each-ref --sort -committerdate --format %(refname) %(objectname) %(*objectname) [1ms]
2024-11-14 00:03:29.462 [info] > git status -z -uall [27ms]
2024-11-14 00:04:27.818 [info] > git config --get commit.template [11ms]
2024-11-14 00:04:27.819 [info] > git for-each-ref --format=%(refname)%00%(upstream:short)%00%(objectname)%00%(upstream:track)%00%(upstream:remotename)%00%(upstream:remoteref) refs/heads/main refs/remotes/main [2ms]
2024-11-14 00:04:27.826 [warning] [Git][revParse] Unable to read file: ENOENT: no such file or directory, open '/media/pavan-kumar/18df0440-867c-417a-90be-214c87af64ca/jsonschema/.git/refs/remotes/origin/main'
2024-11-14 00:04:27.828 [info] > git rev-parse refs/remotes/origin/main [2ms]
2024-11-14 00:04:27.847 [info] > git for-each-ref --sort -committerdate --format %(refname) %(objectname) %(*objectname) [3ms]
2024-11-14 00:04:27.859 [info] > git status -z -uall [24ms]
2024-11-14 00:04:32.904 [info] > git config --get commit.template [14ms]
2024-11-14 00:04:32.906 [info] > git for-each-ref --format=%(refname)%00%(upstream:short)%00%(objectname)%00%(upstream:track)%00%(upstream:remotename)%00%(upstream:remoteref) refs/heads/main refs/remotes/main [4ms]
2024-11-14 00:04:32.921 [warning] [Git][revParse] Unable to read file: ENOENT: no such file or directory, open '/media/pavan-kumar/18df0440-867c-417a-90be-214c87af64ca/jsonschema/.git/refs/remotes/origin/main'
2024-11-14 00:04:32.924 [info] > git rev-parse refs/remotes/origin/main [3ms]
2024-11-14 00:04:32.955 [info] > git for-each-ref --sort -committerdate --format %(refname) %(objectname) %(*objectname) [3ms]
2024-11-14 00:04:32.984 [info] > git status -z -uall [47ms]
2024-11-14 00:04:38.048 [info] > git config --get commit.template [16ms]
2024-11-14 00:04:38.051 [info] > git for-each-ref --format=%(refname)%00%(upstream:short)%00%(objectname)%00%(upstream:track)%00%(upstream:remotename)%00%(upstream:remoteref) refs/heads/main refs/remotes/main [5ms]
2024-11-14 00:04:38.069 [warning] [Git][revParse] Unable to read file: ENOENT: no such file or directory, open '/media/pavan-kumar/18df0440-867c-417a-90be-214c87af64ca/jsonschema/.git/refs/remotes/origin/main'
2024-11-14 00:04:38.072 [info] > git rev-parse refs/remotes/origin/main [4ms]
2024-11-14 00:04:38.103 [info] > git for-each-ref --sort -committerdate --format %(refname) %(objectname) %(*objectname) [4ms]
2024-11-14 00:04:38.148 [info] > git status -z -uall [63ms]
2024-11-14 00:04:46.145 [info] > git config --get commit.template [16ms]
2024-11-14 00:04:46.148 [info] > git for-each-ref --format=%(refname)%00%(upstream:short)%00%(objectname)%00%(upstream:track)%00%(upstream:remotename)%00%(upstream:remoteref) refs/heads/main refs/remotes/main [6ms]
2024-11-14 00:04:46.162 [warning] [Git][revParse] Unable to read file: ENOENT: no such file or directory, open '/media/pavan-kumar/18df0440-867c-417a-90be-214c87af64ca/jsonschema/.git/refs/remotes/origin/main'
2024-11-14 00:04:46.165 [info] > git rev-parse refs/remotes/origin/main [3ms]
2024-11-14 00:04:46.200 [info] > git for-each-ref --sort -committerdate --format %(refname) %(objectname) %(*objectname) [4ms]
2024-11-14 00:04:46.228 [info] > git status -z -uall [49ms]
2024-11-14 00:04:51.293 [info] > git config --get commit.template [10ms]
2024-11-14 00:04:51.294 [info] > git for-each-ref --format=%(refname)%00%(upstream:short)%00%(objectname)%00%(upstream:track)%00%(upstream:remotename)%00%(upstream:remoteref) refs/heads/main refs/remotes/main [2ms]
2024-11-14 00:04:51.301 [warning] [Git][revParse] Unable to read file: ENOENT: no such file or directory, open '/media/pavan-kumar/18df0440-867c-417a-90be-214c87af64ca/jsonschema/.git/refs/remotes/origin/main'
2024-11-14 00:04:51.302 [info] > git rev-parse refs/remotes/origin/main [1ms]
2024-11-14 00:04:51.326 [info] > git for-each-ref --sort -committerdate --format %(refname) %(objectname) %(*objectname) [3ms]
2024-11-14 00:04:51.343 [info] > git status -z -uall [34ms]
2024-11-14 00:04:56.395 [info] > git config --get commit.template [1ms]
2024-11-14 00:04:56.409 [info] > git for-each-ref --format=%(refname)%00%(upstream:short)%00%(objectname)%00%(upstream:track)%00%(upstream:remotename)%00%(upstream:remoteref) refs/heads/main refs/remotes/main [2ms]
2024-11-14 00:04:56.419 [warning] [Git][revParse] Unable to read file: ENOENT: no such file or directory, open '/media/pavan-kumar/18df0440-867c-417a-90be-214c87af64ca/jsonschema/.git/refs/remotes/origin/main'
2024-11-14 00:04:56.422 [info] > git rev-parse refs/remotes/origin/main [3ms]
2024-11-14 00:04:56.457 [info] > git for-each-ref --sort -committerdate --format %(refname) %(objectname) %(*objectname) [5ms]
2024-11-14 00:04:56.473 [info] > git status -z -uall [39ms]
2024-11-14 00:05:01.519 [info] > git config --get commit.template [9ms]
2024-11-14 00:05:01.521 [info] > git for-each-ref --format=%(refname)%00%(upstream:short)%00%(objectname)%00%(upstream:track)%00%(upstream:remotename)%00%(upstream:remoteref) refs/heads/main refs/remotes/main [2ms]
2024-11-14 00:05:01.533 [warning] [Git][revParse] Unable to read file: ENOENT: no such file or directory, open '/media/pavan-kumar/18df0440-867c-417a-90be-214c87af64ca/jsonschema/.git/refs/remotes/origin/main'
2024-11-14 00:05:01.535 [info] > git rev-parse refs/remotes/origin/main [2ms]
2024-11-14 00:05:01.561 [info] > git for-each-ref --sort -committerdate --format %(refname) %(objectname) %(*objectname) [2ms]
2024-11-14 00:05:01.576 [info] > git status -z -uall [29ms]
2024-11-14 00:05:06.621 [info] > git config --get commit.template [10ms]
2024-11-14 00:05:06.623 [info] > git for-each-ref --format=%(refname)%00%(upstream:short)%00%(objectname)%00%(upstream:track)%00%(upstream:remotename)%00%(upstream:remoteref) refs/heads/main refs/remotes/main [3ms]
2024-11-14 00:05:06.632 [warning] [Git][revParse] Unable to read file: ENOENT: no such file or directory, open '/media/pavan-kumar/18df0440-867c-417a-90be-214c87af64ca/jsonschema/.git/refs/remotes/origin/main'
2024-11-14 00:05:06.634 [info] > git rev-parse refs/remotes/origin/main [1ms]
2024-11-14 00:05:06.654 [info] > git for-each-ref --sort -committerdate --format %(refname) %(objectname) %(*objectname) [2ms]
2024-11-14 00:05:06.669 [info] > git status -z -uall [27ms]
2024-11-14 00:05:11.717 [info] > git config --get commit.template [8ms]
2024-11-14 00:05:11.718 [info] > git for-each-ref --format=%(refname)%00%(upstream:short)%00%(objectname)%00%(upstream:track)%00%(upstream:remotename)%00%(upstream:remoteref) refs/heads/main refs/remotes/main [2ms]
2024-11-14 00:05:11.727 [warning] [Git][revParse] Unable to read file: ENOENT: no such file or directory, open '/media/pavan-kumar/18df0440-867c-417a-90be-214c87af64ca/jsonschema/.git/refs/remotes/origin/main'
2024-11-14 00:05:11.729 [info] > git rev-parse refs/remotes/origin/main [2ms]
2024-11-14 00:05:11.749 [info] > git for-each-ref --sort -committerdate --format %(refname) %(objectname) %(*objectname) [2ms]
2024-11-14 00:05:11.770 [info] > git status -z -uall [32ms]
2024-11-14 00:05:16.818 [info] > git config --get commit.template [15ms]
2024-11-14 00:05:16.818 [info] > git for-each-ref --format=%(refname)%00%(upstream:short)%00%(objectname)%00%(upstream:track)%00%(upstream:remotename)%00%(upstream:remoteref) refs/heads/main refs/remotes/main [2ms]
2024-11-14 00:05:16.830 [warning] [Git][revParse] Unable to read file: ENOENT: no such file or directory, open '/media/pavan-kumar/18df0440-867c-417a-90be-214c87af64ca/jsonschema/.git/refs/remotes/origin/main'
2024-11-14 00:05:16.833 [info] > git rev-parse refs/remotes/origin/main [3ms]
2024-11-14 00:05:16.860 [info] > git for-each-ref --sort -committerdate --format %(refname) %(objectname) %(*objectname) [3ms]
2024-11-14 00:05:16.878 [info] > git status -z -uall [33ms]
2024-11-14 00:05:21.917 [info] > git config --get commit.template [8ms]
2024-11-14 00:05:21.918 [info] > git for-each-ref --format=%(refname)%00%(upstream:short)%00%(objectname)%00%(upstream:track)%00%(upstream:remotename)%00%(upstream:remoteref) refs/heads/main refs/remotes/main [2ms]
2024-11-14 00:05:21.925 [warning] [Git][revParse] Unable to read file: ENOENT: no such file or directory, open '/media/pavan-kumar/18df0440-867c-417a-90be-214c87af64ca/jsonschema/.git/refs/remotes/origin/main'
2024-11-14 00:05:21.927 [info] > git rev-parse refs/remotes/origin/main [2ms]
2024-11-14 00:05:21.946 [info] > git for-each-ref --sort -committerdate --format %(refname) %(objectname) %(*objectname) [3ms]
2024-11-14 00:05:21.956 [info] > git status -z -uall [23ms]
2024-11-14 00:05:33.483 [info] > git config --get commit.template [1ms]
2024-11-14 00:05:33.514 [info] > git for-each-ref --format=%(refname)%00%(upstream:short)%00%(objectname)%00%(upstream:track)%00%(upstream:remotename)%00%(upstream:remoteref) refs/heads/main refs/remotes/main [8ms]
2024-11-14 00:05:33.543 [warning] [Git][revParse] Unable to read file: ENOENT: no such file or directory, open '/media/pavan-kumar/18df0440-867c-417a-90be-214c87af64ca/jsonschema/.git/refs/remotes/origin/main'
2024-11-14 00:05:33.551 [info] > git rev-parse refs/remotes/origin/main [8ms]
2024-11-14 00:05:33.616 [info] > git for-each-ref --sort -committerdate --format %(refname) %(objectname) %(*objectname) [10ms]
2024-11-14 00:05:33.624 [info] > git status -z -uall [44ms]
2024-11-14 00:06:48.771 [info] > git config --get commit.template [12ms]
2024-11-14 00:06:48.773 [info] > git for-each-ref --format=%(refname)%00%(upstream:short)%00%(objectname)%00%(upstream:track)%00%(upstream:remotename)%00%(upstream:remoteref) refs/heads/main refs/remotes/main [2ms]
2024-11-14 00:06:48.780 [warning] [Git][revParse] Unable to read file: ENOENT: no such file or directory, open '/media/pavan-kumar/18df0440-867c-417a-90be-214c87af64ca/jsonschema/.git/refs/remotes/origin/main'
2024-11-14 00:06:48.782 [info] > git rev-parse refs/remotes/origin/main [2ms]
2024-11-14 00:06:48.807 [info] > git for-each-ref --sort -committerdate --format %(refname) %(objectname) %(*objectname) [2ms]
2024-11-14 00:06:48.825 [info] > git status -z -uall [34ms]
2024-11-14 00:06:53.893 [info] > git config --get commit.template [18ms]
2024-11-14 00:06:53.896 [info] > git for-each-ref --format=%(refname)%00%(upstream:short)%00%(objectname)%00%(upstream:track)%00%(upstream:remotename)%00%(upstream:remoteref) refs/heads/main refs/remotes/main [5ms]
2024-11-14 00:06:53.912 [warning] [Git][revParse] Unable to read file: ENOENT: no such file or directory, open '/media/pavan-kumar/18df0440-867c-417a-90be-214c87af64ca/jsonschema/.git/refs/remotes/origin/main'
2024-11-14 00:06:53.916 [info] > git rev-parse refs/remotes/origin/main [5ms]
2024-11-14 00:06:53.953 [info] > git for-each-ref --sort -committerdate --format %(refname) %(objectname) %(*objectname) [5ms]
2024-11-14 00:06:53.982 [info] > git status -z -uall [51ms]
2024-11-14 00:06:59.038 [info] > git config --get commit.template [6ms]
2024-11-14 00:06:59.039 [info] > git for-each-ref --format=%(refname)%00%(upstream:short)%00%(objectname)%00%(upstream:track)%00%(upstream:remotename)%00%(upstream:remoteref) refs/heads/main refs/remotes/main [2ms]
2024-11-14 00:06:59.044 [warning] [Git][revParse] Unable to read file: ENOENT: no such file or directory, open '/media/pavan-kumar/18df0440-867c-417a-90be-214c87af64ca/jsonschema/.git/refs/remotes/origin/main'
2024-11-14 00:06:59.046 [info] > git rev-parse refs/remotes/origin/main [2ms]
2024-11-14 00:06:59.060 [info] > git for-each-ref --sort -committerdate --format %(refname) %(objectname) %(*objectname) [2ms]
2024-11-14 00:06:59.069 [info] > git status -z -uall [18ms]
2024-11-14 00:07:10.504 [info] > git config --get commit.template [25ms]
2024-11-14 00:07:10.509 [info] > git for-each-ref --format=%(refname)%00%(upstream:short)%00%(objectname)%00%(upstream:track)%00%(upstream:remotename)%00%(upstream:remoteref) refs/heads/main refs/remotes/main [7ms]
2024-11-14 00:07:10.525 [warning] [Git][revParse] Unable to read file: ENOENT: no such file or directory, open '/media/pavan-kumar/18df0440-867c-417a-90be-214c87af64ca/jsonschema/.git/refs/remotes/origin/main'
2024-11-14 00:07:10.529 [info] > git rev-parse refs/remotes/origin/main [5ms]
2024-11-14 00:07:10.572 [info] > git for-each-ref --sort -committerdate --format %(refname) %(objectname) %(*objectname) [4ms]
2024-11-14 00:07:10.618 [info] > git status -z -uall [68ms]
2024-11-14 00:07:15.701 [info] > git config --get commit.template [15ms]
2024-11-14 00:07:15.704 [info] > git for-each-ref --format=%(refname)%00%(upstream:short)%00%(objectname)%00%(upstream:track)%00%(upstream:remotename)%00%(upstream:remoteref) refs/heads/main refs/remotes/main [5ms]
2024-11-14 00:07:15.716 [warning] [Git][revParse] Unable to read file: ENOENT: no such file or directory, open '/media/pavan-kumar/18df0440-867c-417a-90be-214c87af64ca/jsonschema/.git/refs/remotes/origin/main'
2024-11-14 00:07:15.719 [info] > git rev-parse refs/remotes/origin/main [3ms]
2024-11-14 00:07:15.750 [info] > git for-each-ref --sort -committerdate --format %(refname) %(objectname) %(*objectname) [4ms]
2024-11-14 00:07:15.777 [info] > git status -z -uall [45ms]
2024-11-14 00:08:40.775 [info] > git config --get commit.template [15ms]
2024-11-14 00:08:40.777 [info] > git for-each-ref --format=%(refname)%00%(upstream:short)%00%(objectname)%00%(upstream:track)%00%(upstream:remotename)%00%(upstream:remoteref) refs/heads/main refs/remotes/main [3ms]
2024-11-14 00:08:40.786 [warning] [Git][revParse] Unable to read file: ENOENT: no such file or directory, open '/media/pavan-kumar/18df0440-867c-417a-90be-214c87af64ca/jsonschema/.git/refs/remotes/origin/main'
2024-11-14 00:08:40.789 [info] > git rev-parse refs/remotes/origin/main [2ms]
2024-11-14 00:08:40.817 [info] > git for-each-ref --sort -committerdate --format %(refname) %(objectname) %(*objectname) [4ms]
2024-11-14 00:08:40.826 [info] > git status -z -uall [26ms]
2024-11-14 00:08:45.876 [info] > git config --get commit.template [18ms]
2024-11-14 00:08:45.877 [info] > git for-each-ref --format=%(refname)%00%(upstream:short)%00%(objectname)%00%(upstream:track)%00%(upstream:remotename)%00%(upstream:remoteref) refs/heads/main refs/remotes/main [3ms]
2024-11-14 00:08:45.890 [warning] [Git][revParse] Unable to read file: ENOENT: no such file or directory, open '/media/pavan-kumar/18df0440-867c-417a-90be-214c87af64ca/jsonschema/.git/refs/remotes/origin/main'
2024-11-14 00:08:45.892 [info] > git rev-parse refs/remotes/origin/main [2ms]
2024-11-14 00:08:45.915 [info] > git for-each-ref --sort -committerdate --format %(refname) %(objectname) %(*objectname) [4ms]
2024-11-14 00:08:45.931 [info] > git status -z -uall [29ms]
2024-11-14 00:08:50.981 [info] > git config --get commit.template [15ms]
2024-11-14 00:08:50.983 [info] > git for-each-ref --format=%(refname)%00%(upstream:short)%00%(objectname)%00%(upstream:track)%00%(upstream:remotename)%00%(upstream:remoteref) refs/heads/main refs/remotes/main [4ms]
2024-11-14 00:08:51.003 [warning] [Git][revParse] Unable to read file: ENOENT: no such file or directory, open '/media/pavan-kumar/18df0440-867c-417a-90be-214c87af64ca/jsonschema/.git/refs/remotes/origin/main'
2024-11-14 00:08:51.006 [info] > git rev-parse refs/remotes/origin/main [3ms]
2024-11-14 00:08:51.036 [info] > git for-each-ref --sort -committerdate --format %(refname) %(objectname) %(*objectname) [4ms]
2024-11-14 00:08:51.063 [info] > git status -z -uall [44ms]
2024-11-14 00:08:56.127 [info] > git config --get commit.template [14ms]
2024-11-14 00:08:56.130 [info] > git for-each-ref --format=%(refname)%00%(upstream:short)%00%(objectname)%00%(upstream:track)%00%(upstream:remotename)%00%(upstream:remoteref) refs/heads/main refs/remotes/main [4ms]
2024-11-14 00:08:56.150 [warning] [Git][revParse] Unable to read file: ENOENT: no such file or directory, open '/media/pavan-kumar/18df0440-867c-417a-90be-214c87af64ca/jsonschema/.git/refs/remotes/origin/main'
2024-11-14 00:08:56.153 [info] > git rev-parse refs/remotes/origin/main [3ms]
2024-11-14 00:08:56.183 [info] > git for-each-ref --sort -committerdate --format %(refname) %(objectname) %(*objectname) [3ms]
2024-11-14 00:08:56.209 [info] > git status -z -uall [43ms]
2024-11-14 00:09:01.272 [info] > git config --get commit.template [14ms]
2024-11-14 00:09:01.274 [info] > git for-each-ref --format=%(refname)%00%(upstream:short)%00%(objectname)%00%(upstream:track)%00%(upstream:remotename)%00%(upstream:remoteref) refs/heads/main refs/remotes/main [4ms]
2024-11-14 00:09:01.294 [warning] [Git][revParse] Unable to read file: ENOENT: no such file or directory, open '/media/pavan-kumar/18df0440-867c-417a-90be-214c87af64ca/jsonschema/.git/refs/remotes/origin/main'
2024-11-14 00:09:01.297 [info] > git rev-parse refs/remotes/origin/main [3ms]
2024-11-14 00:09:01.328 [info] > git for-each-ref --sort -committerdate --format %(refname) %(objectname) %(*objectname) [4ms]
2024-11-14 00:09:01.355 [info] > git status -z -uall [44ms]
2024-11-14 00:09:06.422 [info] > git config --get commit.template [15ms]
2024-11-14 00:09:06.425 [info] > git for-each-ref --format=%(refname)%00%(upstream:short)%00%(objectname)%00%(upstream:track)%00%(upstream:remotename)%00%(upstream:remoteref) refs/heads/main refs/remotes/main [4ms]
2024-11-14 00:09:06.438 [warning] [Git][revParse] Unable to read file: ENOENT: no such file or directory, open '/media/pavan-kumar/18df0440-867c-417a-90be-214c87af64ca/jsonschema/.git/refs/remotes/origin/main'
2024-11-14 00:09:06.441 [info] > git rev-parse refs/remotes/origin/main [3ms]
2024-11-14 00:09:06.471 [info] > git for-each-ref --sort -committerdate --format %(refname) %(objectname) %(*objectname) [4ms]
2024-11-14 00:09:06.496 [info] > git status -z -uall [43ms]
2024-11-14 00:09:11.566 [info] > git config --get commit.template [12ms]
2024-11-14 00:09:11.567 [info] > git for-each-ref --format=%(refname)%00%(upstream:short)%00%(objectname)%00%(upstream:track)%00%(upstream:remotename)%00%(upstream:remoteref) refs/heads/main refs/remotes/main [2ms]
2024-11-14 00:09:11.573 [warning] [Git][revParse] Unable to read file: ENOENT: no such file or directory, open '/media/pavan-kumar/18df0440-867c-417a-90be-214c87af64ca/jsonschema/.git/refs/remotes/origin/main'
2024-11-14 00:09:11.575 [info] > git rev-parse refs/remotes/origin/main [2ms]
2024-11-14 00:09:11.593 [info] > git for-each-ref --sort -committerdate --format %(refname) %(objectname) %(*objectname) [3ms]
2024-11-14 00:09:11.614 [info] > git status -z -uall [31ms]
2024-11-14 00:09:16.653 [info] > git config --get commit.template [6ms]
2024-11-14 00:09:16.654 [info] > git for-each-ref --format=%(refname)%00%(upstream:short)%00%(objectname)%00%(upstream:track)%00%(upstream:remotename)%00%(upstream:remoteref) refs/heads/main refs/remotes/main [2ms]
2024-11-14 00:09:16.661 [warning] [Git][revParse] Unable to read file: ENOENT: no such file or directory, open '/media/pavan-kumar/18df0440-867c-417a-90be-214c87af64ca/jsonschema/.git/refs/remotes/origin/main'
2024-11-14 00:09:16.662 [info] > git rev-parse refs/remotes/origin/main [2ms]
2024-11-14 00:09:16.678 [info] > git for-each-ref --sort -committerdate --format %(refname) %(objectname) %(*objectname) [2ms]
2024-11-14 00:09:16.688 [info] > git status -z -uall [20ms]
2024-11-14 00:09:21.737 [info] > git config --get commit.template [14ms]
2024-11-14 00:09:21.739 [info] > git for-each-ref --format=%(refname)%00%(upstream:short)%00%(objectname)%00%(upstream:track)%00%(upstream:remotename)%00%(upstream:remoteref) refs/heads/main refs/remotes/main [4ms]
2024-11-14 00:09:21.752 [warning] [Git][revParse] Unable to read file: ENOENT: no such file or directory, open '/media/pavan-kumar/18df0440-867c-417a-90be-214c87af64ca/jsonschema/.git/refs/remotes/origin/main'
2024-11-14 00:09:21.755 [info] > git rev-parse refs/remotes/origin/main [3ms]
2024-11-14 00:09:21.785 [info] > git for-each-ref --sort -committerdate --format %(refname) %(objectname) %(*objectname) [4ms]
2024-11-14 00:09:21.810 [info] > git status -z -uall [42ms]
2024-11-14 00:09:26.873 [info] > git config --get commit.template [15ms]
2024-11-14 00:09:26.876 [info] > git for-each-ref --format=%(refname)%00%(upstream:short)%00%(objectname)%00%(upstream:track)%00%(upstream:remotename)%00%(upstream:remoteref) refs/heads/main refs/remotes/main [4ms]
2024-11-14 00:09:26.888 [warning] [Git][revParse] Unable to read file: ENOENT: no such file or directory, open '/media/pavan-kumar/18df0440-867c-417a-90be-214c87af64ca/jsonschema/.git/refs/remotes/origin/main'
2024-11-14 00:09:26.891 [info] > git rev-parse refs/remotes/origin/main [3ms]
2024-11-14 00:09:26.922 [info] > git for-each-ref --sort -committerdate --format %(refname) %(objectname) %(*objectname) [4ms]
2024-11-14 00:09:26.949 [info] > git status -z -uall [44ms]
2024-11-14 00:09:32.018 [info] > git config --get commit.template [14ms]
2024-11-14 00:09:32.021 [info] > git for-each-ref --format=%(refname)%00%(upstream:short)%00%(objectname)%00%(upstream:track)%00%(upstream:remotename)%00%(upstream:remoteref) refs/heads/main refs/remotes/main [4ms]
2024-11-14 00:09:32.041 [warning] [Git][revParse] Unable to read file: ENOENT: no such file or directory, open '/media/pavan-kumar/18df0440-867c-417a-90be-214c87af64ca/jsonschema/.git/refs/remotes/origin/main'
2024-11-14 00:09:32.044 [info] > git rev-parse refs/remotes/origin/main [3ms]
2024-11-14 00:09:32.074 [info] > git for-each-ref --sort -committerdate --format %(refname) %(objectname) %(*objectname) [4ms]
2024-11-14 00:09:32.102 [info] > git status -z -uall [46ms]
2024-11-14 00:09:37.170 [info] > git config --get commit.template [17ms]
2024-11-14 00:09:37.173 [info] > git for-each-ref --format=%(refname)%00%(upstream:short)%00%(objectname)%00%(upstream:track)%00%(upstream:remotename)%00%(upstream:remoteref) refs/heads/main refs/remotes/main [5ms]
2024-11-14 00:09:37.189 [warning] [Git][revParse] Unable to read file: ENOENT: no such file or directory, open '/media/pavan-kumar/18df0440-867c-417a-90be-214c87af64ca/jsonschema/.git/refs/remotes/origin/main'
2024-11-14 00:09:37.191 [info] > git rev-parse refs/remotes/origin/main [2ms]
2024-11-14 00:09:37.208 [info] > git for-each-ref --sort -committerdate --format %(refname) %(objectname) %(*objectname) [1ms]
2024-11-14 00:09:37.219 [info] > git status -z -uall [21ms]
2024-11-14 00:09:42.279 [info] > git config --get commit.template [18ms]
2024-11-14 00:09:42.281 [info] > git for-each-ref --format=%(refname)%00%(upstream:short)%00%(objectname)%00%(upstream:track)%00%(upstream:remotename)%00%(upstream:remoteref) refs/heads/main refs/remotes/main [4ms]
2024-11-14 00:09:42.298 [warning] [Git][revParse] Unable to read file: ENOENT: no such file or directory, open '/media/pavan-kumar/18df0440-867c-417a-90be-214c87af64ca/jsonschema/.git/refs/remotes/origin/main'
2024-11-14 00:09:42.302 [info] > git rev-parse refs/remotes/origin/main [5ms]
2024-11-14 00:09:42.347 [info] > git for-each-ref --sort -committerdate --format %(refname) %(objectname) %(*objectname) [5ms]
2024-11-14 00:09:42.371 [info] > git status -z -uall [51ms]
2024-11-14 00:09:47.441 [info] > git config --get commit.template [16ms]
2024-11-14 00:09:47.443 [info] > git for-each-ref --format=%(refname)%00%(upstream:short)%00%(objectname)%00%(upstream:track)%00%(upstream:remotename)%00%(upstream:remoteref) refs/heads/main refs/remotes/main [4ms]
2024-11-14 00:09:47.464 [warning] [Git][revParse] Unable to read file: ENOENT: no such file or directory, open '/media/pavan-kumar/18df0440-867c-417a-90be-214c87af64ca/jsonschema/.git/refs/remotes/origin/main'
2024-11-14 00:09:47.467 [info] > git rev-parse refs/remotes/origin/main [3ms]
2024-11-14 00:09:47.499 [info] > git for-each-ref --sort -committerdate --format %(refname) %(objectname) %(*objectname) [4ms]
2024-11-14 00:09:47.529 [info] > git status -z -uall [49ms]
2024-11-14 00:09:52.602 [info] > git config --get commit.template [19ms]
2024-11-14 00:09:52.606 [info] > git for-each-ref --format=%(refname)%00%(upstream:short)%00%(objectname)%00%(upstream:track)%00%(upstream:remotename)%00%(upstream:remoteref) refs/heads/main refs/remotes/main [4ms]
2024-11-14 00:09:52.622 [warning] [Git][revParse] Unable to read file: ENOENT: no such file or directory, open '/media/pavan-kumar/18df0440-867c-417a-90be-214c87af64ca/jsonschema/.git/refs/remotes/origin/main'
2024-11-14 00:09:52.626 [info] > git rev-parse refs/remotes/origin/main [3ms]
2024-11-14 00:09:52.671 [info] > git for-each-ref --sort -committerdate --format %(refname) %(objectname) %(*objectname) [5ms]
2024-11-14 00:09:52.701 [info] > git status -z -uall [56ms]
2024-11-14 00:10:24.334 [info] > git config --get commit.template [12ms]
2024-11-14 00:10:24.336 [info] > git for-each-ref --format=%(refname)%00%(upstream:short)%00%(objectname)%00%(upstream:track)%00%(upstream:remotename)%00%(upstream:remoteref) refs/heads/main refs/remotes/main [4ms]
2024-11-14 00:10:24.345 [warning] [Git][revParse] Unable to read file: ENOENT: no such file or directory, open '/media/pavan-kumar/18df0440-867c-417a-90be-214c87af64ca/jsonschema/.git/refs/remotes/origin/main'
2024-11-14 00:10:24.347 [info] > git rev-parse refs/remotes/origin/main [2ms]
2024-11-14 00:10:24.372 [info] > git for-each-ref --sort -committerdate --format %(refname) %(objectname) %(*objectname) [4ms]
2024-11-14 00:10:24.389 [info] > git status -z -uall [34ms]
2024-11-14 00:10:29.435 [info] > git config --get commit.template [9ms]
2024-11-14 00:10:29.436 [info] > git for-each-ref --format=%(refname)%00%(upstream:short)%00%(objectname)%00%(upstream:track)%00%(upstream:remotename)%00%(upstream:remoteref) refs/heads/main refs/remotes/main [2ms]
2024-11-14 00:10:29.444 [warning] [Git][revParse] Unable to read file: ENOENT: no such file or directory, open '/media/pavan-kumar/18df0440-867c-417a-90be-214c87af64ca/jsonschema/.git/refs/remotes/origin/main'
2024-11-14 00:10:29.445 [info] > git rev-parse refs/remotes/origin/main [2ms]
2024-11-14 00:10:29.464 [info] > git for-each-ref --sort -committerdate --format %(refname) %(objectname) %(*objectname) [2ms]
2024-11-14 00:10:29.479 [info] > git status -z -uall [25ms]
2024-11-14 00:10:34.524 [info] > git config --get commit.template [10ms]
2024-11-14 00:10:34.525 [info] > git for-each-ref --format=%(refname)%00%(upstream:short)%00%(objectname)%00%(upstream:track)%00%(upstream:remotename)%00%(upstream:remoteref) refs/heads/main refs/remotes/main [3ms]
2024-11-14 00:10:34.532 [warning] [Git][revParse] Unable to read file: ENOENT: no such file or directory, open '/media/pavan-kumar/18df0440-867c-417a-90be-214c87af64ca/jsonschema/.git/refs/remotes/origin/main'
2024-11-14 00:10:34.534 [info] > git rev-parse refs/remotes/origin/main [2ms]
2024-11-14 00:10:34.553 [info] > git for-each-ref --sort -committerdate --format %(refname) %(objectname) %(*objectname) [3ms]
2024-11-14 00:10:34.564 [info] > git status -z -uall [22ms]
2024-11-14 00:10:39.610 [info] > git config --get commit.template [12ms]
2024-11-14 00:10:39.612 [info] > git for-each-ref --format=%(refname)%00%(upstream:short)%00%(objectname)%00%(upstream:track)%00%(upstream:remotename)%00%(upstream:remoteref) refs/heads/main refs/remotes/main [3ms]
2024-11-14 00:10:39.622 [warning] [Git][revParse] Unable to read file: ENOENT: no such file or directory, open '/media/pavan-kumar/18df0440-867c-417a-90be-214c87af64ca/jsonschema/.git/refs/remotes/origin/main'
2024-11-14 00:10:39.624 [info] > git rev-parse refs/remotes/origin/main [2ms]
2024-11-14 00:10:39.653 [info] > git for-each-ref --sort -committerdate --format %(refname) %(objectname) %(*objectname) [4ms]
2024-11-14 00:10:39.675 [info] > git status -z -uall [40ms]
2024-11-14 00:10:44.731 [info] > git config --get commit.template [13ms]
2024-11-14 00:10:44.733 [info] > git for-each-ref --format=%(refname)%00%(upstream:short)%00%(objectname)%00%(upstream:track)%00%(upstream:remotename)%00%(upstream:remoteref) refs/heads/main refs/remotes/main [4ms]
2024-11-14 00:10:44.747 [warning] [Git][revParse] Unable to read file: ENOENT: no such file or directory, open '/media/pavan-kumar/18df0440-867c-417a-90be-214c87af64ca/jsonschema/.git/refs/remotes/origin/main'
2024-11-14 00:10:44.750 [info] > git rev-parse refs/remotes/origin/main [3ms]
2024-11-14 00:10:44.782 [info] > git for-each-ref --sort -committerdate --format %(refname) %(objectname) %(*objectname) [4ms]
2024-11-14 00:10:44.811 [info] > git status -z -uall [48ms]
2024-11-14 00:10:49.863 [info] > git config --get commit.template [9ms]
2024-11-14 00:10:49.865 [info] > git for-each-ref --format=%(refname)%00%(upstream:short)%00%(objectname)%00%(upstream:track)%00%(upstream:remotename)%00%(upstream:remoteref) refs/heads/main refs/remotes/main [3ms]
2024-11-14 00:10:49.874 [warning] [Git][revParse] Unable to read file: ENOENT: no such file or directory, open '/media/pavan-kumar/18df0440-867c-417a-90be-214c87af64ca/jsonschema/.git/refs/remotes/origin/main'
2024-11-14 00:10:49.875 [info] > git rev-parse refs/remotes/origin/main [1ms]
2024-11-14 00:10:49.897 [info] > git for-each-ref --sort -committerdate --format %(refname) %(objectname) %(*objectname) [2ms]
2024-11-14 00:10:49.910 [info] > git status -z -uall [24ms]
2024-11-14 00:10:54.954 [info] > git config --get commit.template [10ms]
2024-11-14 00:10:54.956 [info] > git for-each-ref --format=%(refname)%00%(upstream:short)%00%(objectname)%00%(upstream:track)%00%(upstream:remotename)%00%(upstream:remoteref) refs/heads/main refs/remotes/main [3ms]
2024-11-14 00:10:54.963 [warning] [Git][revParse] Unable to read file: ENOENT: no such file or directory, open '/media/pavan-kumar/18df0440-867c-417a-90be-214c87af64ca/jsonschema/.git/refs/remotes/origin/main'
2024-11-14 00:10:54.965 [info] > git rev-parse refs/remotes/origin/main [2ms]
2024-11-14 00:10:54.987 [info] > git for-each-ref --sort -committerdate --format %(refname) %(objectname) %(*objectname) [3ms]
2024-11-14 00:10:54.996 [info] > git status -z -uall [24ms]
2024-11-14 00:11:00.049 [info] > git config --get commit.template [3ms]
2024-11-14 00:11:00.075 [info] > git for-each-ref --format=%(refname)%00%(upstream:short)%00%(objectname)%00%(upstream:track)%00%(upstream:remotename)%00%(upstream:remoteref) refs/heads/main refs/remotes/main [5ms]
2024-11-14 00:11:00.097 [warning] [Git][revParse] Unable to read file: ENOENT: no such file or directory, open '/media/pavan-kumar/18df0440-867c-417a-90be-214c87af64ca/jsonschema/.git/refs/remotes/origin/main'
2024-11-14 00:11:00.104 [info] > git rev-parse refs/remotes/origin/main [6ms]
2024-11-14 00:11:00.150 [info] > git for-each-ref --sort -committerdate --format %(refname) %(objectname) %(*objectname) [1ms]
2024-11-14 00:11:00.167 [info] > git status -z -uall [44ms]
2024-11-14 00:11:05.246 [info] > git config --get commit.template [2ms]
2024-11-14 00:11:05.281 [info] > git for-each-ref --format=%(refname)%00%(upstream:short)%00%(objectname)%00%(upstream:track)%00%(upstream:remotename)%00%(upstream:remoteref) refs/heads/main refs/remotes/main [12ms]
2024-11-14 00:11:05.311 [warning] [Git][revParse] Unable to read file: ENOENT: no such file or directory, open '/media/pavan-kumar/18df0440-867c-417a-90be-214c87af64ca/jsonschema/.git/refs/remotes/origin/main'
2024-11-14 00:11:05.315 [info] > git rev-parse refs/remotes/origin/main [4ms]
2024-11-14 00:11:05.373 [info] > git for-each-ref --sort -committerdate --format %(refname) %(objectname) %(*objectname) [4ms]
2024-11-14 00:11:05.393 [info] > git status -z -uall [48ms]
2024-11-14 00:11:10.461 [info] > git config --get commit.template [2ms]
2024-11-14 00:11:10.498 [info] > git for-each-ref --format=%(refname)%00%(upstream:short)%00%(objectname)%00%(upstream:track)%00%(upstream:remotename)%00%(upstream:remoteref) refs/heads/main refs/remotes/main [7ms]
2024-11-14 00:11:10.525 [warning] [Git][revParse] Unable to read file: ENOENT: no such file or directory, open '/media/pavan-kumar/18df0440-867c-417a-90be-214c87af64ca/jsonschema/.git/refs/remotes/origin/main'
2024-11-14 00:11:10.525 [info] > git rev-parse refs/remotes/origin/main [0ms]
2024-11-14 00:11:10.585 [info] > git for-each-ref --sort -committerdate --format %(refname) %(objectname) %(*objectname) [5ms]
2024-11-14 00:11:10.629 [info] > git status -z -uall [81ms]
2024-11-14 00:11:15.747 [info] > git for-each-ref --format=%(refname)%00%(upstream:short)%00%(objectname)%00%(upstream:track)%00%(upstream:remotename)%00%(upstream:remoteref) refs/heads/main refs/remotes/main [4ms]
2024-11-14 00:11:15.747 [info] > git config --get commit.template [29ms]
2024-11-14 00:11:15.772 [warning] [Git][revParse] Unable to read file: ENOENT: no such file or directory, open '/media/pavan-kumar/18df0440-867c-417a-90be-214c87af64ca/jsonschema/.git/refs/remotes/origin/main'
2024-11-14 00:11:15.774 [info] > git rev-parse refs/remotes/origin/main [2ms]
2024-11-14 00:11:15.825 [info] > git for-each-ref --sort -committerdate --format %(refname) %(objectname) %(*objectname) [6ms]
2024-11-14 00:11:15.866 [info] > git status -z -uall [70ms]
2024-11-14 00:11:20.969 [info] > git config --get commit.template [16ms]
2024-11-14 00:11:20.972 [info] > git for-each-ref --format=%(refname)%00%(upstream:short)%00%(objectname)%00%(upstream:track)%00%(upstream:remotename)%00%(upstream:remoteref) refs/heads/main refs/remotes/main [4ms]
2024-11-14 00:11:20.986 [warning] [Git][revParse] Unable to read file: ENOENT: no such file or directory, open '/media/pavan-kumar/18df0440-867c-417a-90be-214c87af64ca/jsonschema/.git/refs/remotes/origin/main'
2024-11-14 00:11:20.989 [info] > git rev-parse refs/remotes/origin/main [3ms]
2024-11-14 00:11:21.035 [info] > git for-each-ref --sort -committerdate --format %(refname) %(objectname) %(*objectname) [3ms]
2024-11-14 00:11:21.072 [info] > git status -z -uall [68ms]
2024-11-14 00:11:51.086 [info] > git config --get commit.template [24ms]
2024-11-14 00:11:51.090 [info] > git for-each-ref --format=%(refname)%00%(upstream:short)%00%(objectname)%00%(upstream:track)%00%(upstream:remotename)%00%(upstream:remoteref) refs/heads/main refs/remotes/main [6ms]
2024-11-14 00:11:51.109 [warning] [Git][revParse] Unable to read file: ENOENT: no such file or directory, open '/media/pavan-kumar/18df0440-867c-417a-90be-214c87af64ca/jsonschema/.git/refs/remotes/origin/main'
2024-11-14 00:11:51.115 [info] > git rev-parse refs/remotes/origin/main [6ms]
2024-11-14 00:11:51.159 [info] > git for-each-ref --sort -committerdate --format %(refname) %(objectname) %(*objectname) [4ms]
2024-11-14 00:11:51.178 [info] > git status -z -uall [45ms]
2024-11-14 00:11:56.217 [info] > git config --get commit.template [11ms]
2024-11-14 00:11:56.219 [info] > git for-each-ref --format=%(refname)%00%(upstream:short)%00%(objectname)%00%(upstream:track)%00%(upstream:remotename)%00%(upstream:remoteref) refs/heads/main refs/remotes/main [3ms]
2024-11-14 00:11:56.229 [warning] [Git][revParse] Unable to read file: ENOENT: no such file or directory, open '/media/pavan-kumar/18df0440-867c-417a-90be-214c87af64ca/jsonschema/.git/refs/remotes/origin/main'
2024-11-14 00:11:56.230 [info] > git rev-parse refs/remotes/origin/main [2ms]
2024-11-14 00:11:56.253 [info] > git for-each-ref --sort -committerdate --format %(refname) %(objectname) %(*objectname) [1ms]
2024-11-14 00:11:56.265 [info] > git status -z -uall [26ms]
2024-11-14 00:12:01.315 [info] > git config --get commit.template [14ms]
2024-11-14 00:12:01.317 [info] > git for-each-ref --format=%(refname)%00%(upstream:short)%00%(objectname)%00%(upstream:track)%00%(upstream:remotename)%00%(upstream:remoteref) refs/heads/main refs/remotes/main [2ms]
2024-11-14 00:12:01.326 [warning] [Git][revParse] Unable to read file: ENOENT: no such file or directory, open '/media/pavan-kumar/18df0440-867c-417a-90be-214c87af64ca/jsonschema/.git/refs/remotes/origin/main'
2024-11-14 00:12:01.328 [info] > git rev-parse refs/remotes/origin/main [2ms]
2024-11-14 00:12:01.351 [info] > git for-each-ref --sort -committerdate --format %(refname) %(objectname) %(*objectname) [3ms]
2024-11-14 00:12:01.365 [info] > git status -z -uall [28ms]
2024-11-14 00:12:06.400 [info] > git config --get commit.template [1ms]
2024-11-14 00:12:06.425 [info] > git for-each-ref --format=%(refname)%00%(upstream:short)%00%(objectname)%00%(upstream:track)%00%(upstream:remotename)%00%(upstream:remoteref) refs/heads/main refs/remotes/main [3ms]
2024-11-14 00:12:06.436 [warning] [Git][revParse] Unable to read file: ENOENT: no such file or directory, open '/media/pavan-kumar/18df0440-867c-417a-90be-214c87af64ca/jsonschema/.git/refs/remotes/origin/main'
2024-11-14 00:12:06.438 [info] > git rev-parse refs/remotes/origin/main [2ms]
2024-11-14 00:12:06.460 [info] > git for-each-ref --sort -committerdate --format %(refname) %(objectname) %(*objectname) [2ms]
2024-11-14 00:12:06.479 [info] > git status -z -uall [30ms]
2024-11-14 00:12:11.530 [info] > git config --get commit.template [11ms]
2024-11-14 00:12:11.531 [info] > git for-each-ref --format=%(refname)%00%(upstream:short)%00%(objectname)%00%(upstream:track)%00%(upstream:remotename)%00%(upstream:remoteref) refs/heads/main refs/remotes/main [3ms]
2024-11-14 00:12:11.541 [warning] [Git][revParse] Unable to read file: ENOENT: no such file or directory, open '/media/pavan-kumar/18df0440-867c-417a-90be-214c87af64ca/jsonschema/.git/refs/remotes/origin/main'
2024-11-14 00:12:11.543 [info] > git rev-parse refs/remotes/origin/main [2ms]
2024-11-14 00:12:11.573 [info] > git for-each-ref --sort -committerdate --format %(refname) %(objectname) %(*objectname) [6ms]
2024-11-14 00:12:11.586 [info] > git status -z -uall [31ms]
2024-11-14 00:12:16.625 [info] > git config --get commit.template [2ms]
2024-11-14 00:12:16.638 [info] > git for-each-ref --format=%(refname)%00%(upstream:short)%00%(objectname)%00%(upstream:track)%00%(upstream:remotename)%00%(upstream:remoteref) refs/heads/main refs/remotes/main [3ms]
2024-11-14 00:12:16.648 [warning] [Git][revParse] Unable to read file: ENOENT: no such file or directory, open '/media/pavan-kumar/18df0440-867c-417a-90be-214c87af64ca/jsonschema/.git/refs/remotes/origin/main'
2024-11-14 00:12:16.650 [info] > git rev-parse refs/remotes/origin/main [2ms]
2024-11-14 00:12:16.667 [info] > git for-each-ref --sort -committerdate --format %(refname) %(objectname) %(*objectname) [1ms]
2024-11-14 00:12:16.686 [info] > git status -z -uall [29ms]
2024-11-14 00:12:21.719 [info] > git config --get commit.template [2ms]
2024-11-14 00:12:21.732 [info] > git for-each-ref --format=%(refname)%00%(upstream:short)%00%(objectname)%00%(upstream:track)%00%(upstream:remotename)%00%(upstream:remoteref) refs/heads/main refs/remotes/main [2ms]
2024-11-14 00:12:21.741 [warning] [Git][revParse] Unable to read file: ENOENT: no such file or directory, open '/media/pavan-kumar/18df0440-867c-417a-90be-214c87af64ca/jsonschema/.git/refs/remotes/origin/main'
2024-11-14 00:12:21.742 [info] > git rev-parse refs/remotes/origin/main [2ms]
2024-11-14 00:12:21.766 [info] > git for-each-ref --sort -committerdate --format %(refname) %(objectname) %(*objectname) [2ms]
2024-11-14 00:12:21.775 [info] > git status -z -uall [24ms]
2024-11-14 00:12:26.823 [info] > git config --get commit.template [11ms]
2024-11-14 00:12:26.862 [info] > git for-each-ref --format=%(refname)%00%(upstream:short)%00%(objectname)%00%(upstream:track)%00%(upstream:remotename)%00%(upstream:remoteref) refs/heads/main refs/remotes/main [1ms]
2024-11-14 00:12:26.903 [warning] [Git][revParse] Unable to read file: ENOENT: no such file or directory, open '/media/pavan-kumar/18df0440-867c-417a-90be-214c87af64ca/jsonschema/.git/refs/remotes/origin/main'
2024-11-14 00:12:26.904 [info] > git rev-parse refs/remotes/origin/main [1ms]
2024-11-14 00:12:26.944 [info] > git for-each-ref --sort -committerdate --format %(refname) %(objectname) %(*objectname) [1ms]
2024-11-14 00:12:26.959 [info] > git status -z -uall [44ms]
2024-11-14 00:12:32.020 [info] > git config --get commit.template [12ms]
2024-11-14 00:12:32.022 [info] > git for-each-ref --format=%(refname)%00%(upstream:short)%00%(objectname)%00%(upstream:track)%00%(upstream:remotename)%00%(upstream:remoteref) refs/heads/main refs/remotes/main [3ms]
2024-11-14 00:12:32.032 [warning] [Git][revParse] Unable to read file: ENOENT: no such file or directory, open '/media/pavan-kumar/18df0440-867c-417a-90be-214c87af64ca/jsonschema/.git/refs/remotes/origin/main'
2024-11-14 00:12:32.034 [info] > git rev-parse refs/remotes/origin/main [2ms]
2024-11-14 00:12:32.057 [info] > git for-each-ref --sort -committerdate --format %(refname) %(objectname) %(*objectname) [1ms]
2024-11-14 00:12:32.072 [info] > git status -z -uall [28ms]
2024-11-14 00:12:37.125 [info] > git for-each-ref --format=%(refname)%00%(upstream:short)%00%(objectname)%00%(upstream:track)%00%(upstream:remotename)%00%(upstream:remoteref) refs/heads/main refs/remotes/main [3ms]
2024-11-14 00:12:37.125 [info] > git config --get commit.template [15ms]
2024-11-14 00:12:37.134 [warning] [Git][revParse] Unable to read file: ENOENT: no such file or directory, open '/media/pavan-kumar/18df0440-867c-417a-90be-214c87af64ca/jsonschema/.git/refs/remotes/origin/main'
2024-11-14 00:12:37.135 [info] > git rev-parse refs/remotes/origin/main [2ms]
2024-11-14 00:12:37.157 [info] > git for-each-ref --sort -committerdate --format %(refname) %(objectname) %(*objectname) [3ms]
2024-11-14 00:12:37.171 [info] > git status -z -uall [27ms]
2024-11-14 00:12:42.226 [info] > git config --get commit.template [13ms]
2024-11-14 00:12:42.226 [info] > git for-each-ref --format=%(refname)%00%(upstream:short)%00%(objectname)%00%(upstream:track)%00%(upstream:remotename)%00%(upstream:remoteref) refs/heads/main refs/remotes/main [2ms]
2024-11-14 00:12:42.233 [warning] [Git][revParse] Unable to read file: ENOENT: no such file or directory, open '/media/pavan-kumar/18df0440-867c-417a-90be-214c87af64ca/jsonschema/.git/refs/remotes/origin/main'
2024-11-14 00:12:42.235 [info] > git rev-parse refs/remotes/origin/main [1ms]
2024-11-14 00:12:42.256 [info] > git for-each-ref --sort -committerdate --format %(refname) %(objectname) %(*objectname) [2ms]
2024-11-14 00:12:42.267 [info] > git status -z -uall [26ms]
2024-11-14 00:12:47.300 [info] > git config --get commit.template [2ms]
2024-11-14 00:12:47.311 [info] > git for-each-ref --format=%(refname)%00%(upstream:short)%00%(objectname)%00%(upstream:track)%00%(upstream:remotename)%00%(upstream:remoteref) refs/heads/main refs/remotes/main [2ms]
2024-11-14 00:12:47.321 [warning] [Git][revParse] Unable to read file: ENOENT: no such file or directory, open '/media/pavan-kumar/18df0440-867c-417a-90be-214c87af64ca/jsonschema/.git/refs/remotes/origin/main'
2024-11-14 00:12:47.323 [info] > git rev-parse refs/remotes/origin/main [1ms]
2024-11-14 00:12:47.353 [info] > git for-each-ref --sort -committerdate --format %(refname) %(objectname) %(*objectname) [3ms]
2024-11-14 00:12:47.364 [info] > git status -z -uall [30ms]
2024-11-14 00:12:52.407 [info] > git config --get commit.template [15ms]
2024-11-14 00:12:52.410 [info] > git for-each-ref --format=%(refname)%00%(upstream:short)%00%(objectname)%00%(upstream:track)%00%(upstream:remotename)%00%(upstream:remoteref) refs/heads/main refs/remotes/main [4ms]
2024-11-14 00:12:52.419 [warning] [Git][revParse] Unable to read file: ENOENT: no such file or directory, open '/media/pavan-kumar/18df0440-867c-417a-90be-214c87af64ca/jsonschema/.git/refs/remotes/origin/main'
2024-11-14 00:12:52.421 [info] > git rev-parse refs/remotes/origin/main [2ms]
2024-11-14 00:12:52.447 [info] > git for-each-ref --sort -committerdate --format %(refname) %(objectname) %(*objectname) [2ms]
2024-11-14 00:12:52.454 [info] > git status -z -uall [22ms]
2024-11-14 00:12:57.513 [info] > git config --get commit.template [14ms]
2024-11-14 00:12:57.516 [info] > git for-each-ref --format=%(refname)%00%(upstream:short)%00%(objectname)%00%(upstream:track)%00%(upstream:remotename)%00%(upstream:remoteref) refs/heads/main refs/remotes/main [4ms]
2024-11-14 00:12:57.528 [warning] [Git][revParse] Unable to read file: ENOENT: no such file or directory, open '/media/pavan-kumar/18df0440-867c-417a-90be-214c87af64ca/jsonschema/.git/refs/remotes/origin/main'
2024-11-14 00:12:57.530 [info] > git rev-parse refs/remotes/origin/main [2ms]
2024-11-14 00:12:57.557 [info] > git for-each-ref --sort -committerdate --format %(refname) %(objectname) %(*objectname) [2ms]
2024-11-14 00:12:57.642 [info] > git status -z -uall [102ms]
2024-11-14 00:13:02.688 [info] > git config --get commit.template [12ms]
2024-11-14 00:13:02.690 [info] > git for-each-ref --format=%(refname)%00%(upstream:short)%00%(objectname)%00%(upstream:track)%00%(upstream:remotename)%00%(upstream:remoteref) refs/heads/main refs/remotes/main [3ms]
2024-11-14 00:13:02.700 [warning] [Git][revParse] Unable to read file: ENOENT: no such file or directory, open '/media/pavan-kumar/18df0440-867c-417a-90be-214c87af64ca/jsonschema/.git/refs/remotes/origin/main'
2024-11-14 00:13:02.701 [info] > git rev-parse refs/remotes/origin/main [1ms]
2024-11-14 00:13:02.724 [info] > git for-each-ref --sort -committerdate --format %(refname) %(objectname) %(*objectname) [2ms]
2024-11-14 00:13:02.740 [info] > git status -z -uall [29ms]
2024-11-14 00:13:07.796 [info] > git config --get commit.template [16ms]
2024-11-14 00:13:07.797 [info] > git for-each-ref --format=%(refname)%00%(upstream:short)%00%(objectname)%00%(upstream:track)%00%(upstream:remotename)%00%(upstream:remoteref) refs/heads/main refs/remotes/main [2ms]
2024-11-14 00:13:07.809 [warning] [Git][revParse] Unable to read file: ENOENT: no such file or directory, open '/media/pavan-kumar/18df0440-867c-417a-90be-214c87af64ca/jsonschema/.git/refs/remotes/origin/main'
2024-11-14 00:13:07.811 [info] > git rev-parse refs/remotes/origin/main [2ms]
2024-11-14 00:13:07.836 [info] > git for-each-ref --sort -committerdate --format %(refname) %(objectname) %(*objectname) [2ms]
2024-11-14 00:13:07.857 [info] > git status -z -uall [35ms]
2024-11-14 00:13:12.897 [info] > git config --get commit.template [8ms]
2024-11-14 00:13:12.898 [info] > git for-each-ref --format=%(refname)%00%(upstream:short)%00%(objectname)%00%(upstream:track)%00%(upstream:remotename)%00%(upstream:remoteref) refs/heads/main refs/remotes/main [1ms]
2024-11-14 00:13:12.905 [warning] [Git][revParse] Unable to read file: ENOENT: no such file or directory, open '/media/pavan-kumar/18df0440-867c-417a-90be-214c87af64ca/jsonschema/.git/refs/remotes/origin/main'
2024-11-14 00:13:12.906 [info] > git rev-parse refs/remotes/origin/main [2ms]
2024-11-14 00:13:12.928 [info] > git for-each-ref --sort -committerdate --format %(refname) %(objectname) %(*objectname) [2ms]
2024-11-14 00:13:12.938 [info] > git status -z -uall [24ms]
2024-11-14 00:13:17.977 [info] > git config --get commit.template [9ms]
2024-11-14 00:13:17.977 [info] > git for-each-ref --format=%(refname)%00%(upstream:short)%00%(objectname)%00%(upstream:track)%00%(upstream:remotename)%00%(upstream:remoteref) refs/heads/main refs/remotes/main [2ms]
2024-11-14 00:13:17.985 [warning] [Git][revParse] Unable to read file: ENOENT: no such file or directory, open '/media/pavan-kumar/18df0440-867c-417a-90be-214c87af64ca/jsonschema/.git/refs/remotes/origin/main'
2024-11-14 00:13:17.987 [info] > git rev-parse refs/remotes/origin/main [2ms]
2024-11-14 00:13:18.005 [info] > git for-each-ref --sort -committerdate --format %(refname) %(objectname) %(*objectname) [2ms]
2024-11-14 00:13:18.012 [info] > git status -z -uall [17ms]
2024-11-14 00:13:33.628 [info] > git config --get commit.template [10ms]
2024-11-14 00:13:33.630 [info] > git for-each-ref --format=%(refname)%00%(upstream:short)%00%(objectname)%00%(upstream:track)%00%(upstream:remotename)%00%(upstream:remoteref) refs/heads/main refs/remotes/main [3ms]
2024-11-14 00:13:33.651 [warning] [Git][revParse] Unable to read file: ENOENT: no such file or directory, open '/media/pavan-kumar/18df0440-867c-417a-90be-214c87af64ca/jsonschema/.git/refs/remotes/origin/main'
2024-11-14 00:13:33.653 [info] > git rev-parse refs/remotes/origin/main [2ms]
2024-11-14 00:13:33.699 [info] > git for-each-ref --sort -committerdate --format %(refname) %(objectname) %(*objectname) [7ms]
2024-11-14 00:13:33.711 [info] > git status -z -uall [42ms]
2024-11-14 00:13:38.777 [info] > git config --get commit.template [10ms]
2024-11-14 00:13:38.778 [info] > git for-each-ref --format=%(refname)%00%(upstream:short)%00%(objectname)%00%(upstream:track)%00%(upstream:remotename)%00%(upstream:remoteref) refs/heads/main refs/remotes/main [2ms]
2024-11-14 00:13:38.786 [warning] [Git][revParse] Unable to read file: ENOENT: no such file or directory, open '/media/pavan-kumar/18df0440-867c-417a-90be-214c87af64ca/jsonschema/.git/refs/remotes/origin/main'
2024-11-14 00:13:38.788 [info] > git rev-parse refs/remotes/origin/main [2ms]
2024-11-14 00:13:38.807 [info] > git for-each-ref --sort -committerdate --format %(refname) %(objectname) %(*objectname) [3ms]
2024-11-14 00:13:38.816 [info] > git status -z -uall [20ms]
2024-11-14 00:13:43.861 [info] > git config --get commit.template [12ms]
2024-11-14 00:13:43.862 [info] > git for-each-ref --format=%(refname)%00%(upstream:short)%00%(objectname)%00%(upstream:track)%00%(upstream:remotename)%00%(upstream:remoteref) refs/heads/main refs/remotes/main [2ms]
2024-11-14 00:13:43.873 [warning] [Git][revParse] Unable to read file: ENOENT: no such file or directory, open '/media/pavan-kumar/18df0440-867c-417a-90be-214c87af64ca/jsonschema/.git/refs/remotes/origin/main'
2024-11-14 00:13:43.875 [info] > git rev-parse refs/remotes/origin/main [2ms]
2024-11-14 00:13:43.898 [info] > git for-each-ref --sort -committerdate --format %(refname) %(objectname) %(*objectname) [1ms]
2024-11-14 00:13:43.915 [info] > git status -z -uall [30ms]
2024-11-14 00:13:48.967 [info] > git config --get commit.template [12ms]
2024-11-14 00:13:48.968 [info] > git for-each-ref --format=%(refname)%00%(upstream:short)%00%(objectname)%00%(upstream:track)%00%(upstream:remotename)%00%(upstream:remoteref) refs/heads/main refs/remotes/main [2ms]
2024-11-14 00:13:48.978 [warning] [Git][revParse] Unable to read file: ENOENT: no such file or directory, open '/media/pavan-kumar/18df0440-867c-417a-90be-214c87af64ca/jsonschema/.git/refs/remotes/origin/main'
2024-11-14 00:13:48.980 [info] > git rev-parse refs/remotes/origin/main [2ms]
2024-11-14 00:13:49.003 [info] > git for-each-ref --sort -committerdate --format %(refname) %(objectname) %(*objectname) [2ms]
2024-11-14 00:13:49.015 [info] > git status -z -uall [25ms]
2024-11-14 00:13:54.060 [info] > git config --get commit.template [11ms]
2024-11-14 00:13:54.062 [info] > git for-each-ref --format=%(refname)%00%(upstream:short)%00%(objectname)%00%(upstream:track)%00%(upstream:remotename)%00%(upstream:remoteref) refs/heads/main refs/remotes/main [3ms]
2024-11-14 00:13:54.080 [warning] [Git][revParse] Unable to read file: ENOENT: no such file or directory, open '/media/pavan-kumar/18df0440-867c-417a-90be-214c87af64ca/jsonschema/.git/refs/remotes/origin/main'
2024-11-14 00:13:54.082 [info] > git rev-parse refs/remotes/origin/main [2ms]
2024-11-14 00:13:54.105 [info] > git for-each-ref --sort -committerdate --format %(refname) %(objectname) %(*objectname) [3ms]
2024-11-14 00:13:54.120 [info] > git status -z -uall [28ms]
2024-11-14 00:13:59.155 [info] > git config --get commit.template [8ms]
2024-11-14 00:13:59.157 [info] > git for-each-ref --format=%(refname)%00%(upstream:short)%00%(objectname)%00%(upstream:track)%00%(upstream:remotename)%00%(upstream:remoteref) refs/heads/main refs/remotes/main [2ms]
2024-11-14 00:13:59.165 [warning] [Git][revParse] Unable to read file: ENOENT: no such file or directory, open '/media/pavan-kumar/18df0440-867c-417a-90be-214c87af64ca/jsonschema/.git/refs/remotes/origin/main'
2024-11-14 00:13:59.166 [info] > git rev-parse refs/remotes/origin/main [1ms]
2024-11-14 00:13:59.185 [info] > git for-each-ref --sort -committerdate --format %(refname) %(objectname) %(*objectname) [1ms]
2024-11-14 00:13:59.194 [info] > git status -z -uall [20ms]
2024-11-14 00:14:04.229 [info] > git config --get commit.template [9ms]
2024-11-14 00:14:04.230 [info] > git for-each-ref --format=%(refname)%00%(upstream:short)%00%(objectname)%00%(upstream:track)%00%(upstream:remotename)%00%(upstream:remoteref) refs/heads/main refs/remotes/main [2ms]
2024-11-14 00:14:04.247 [warning] [Git][revParse] Unable to read file: ENOENT: no such file or directory, open '/media/pavan-kumar/18df0440-867c-417a-90be-214c87af64ca/jsonschema/.git/refs/remotes/origin/main'
2024-11-14 00:14:04.248 [info] > git rev-parse refs/remotes/origin/main [1ms]
2024-11-14 00:14:04.267 [info] > git for-each-ref --sort -committerdate --format %(refname) %(objectname) %(*objectname) [2ms]
2024-11-14 00:14:04.274 [info] > git status -z -uall [18ms]
2024-11-14 00:14:09.311 [info] > git config --get commit.template [1ms]
2024-11-14 00:14:09.322 [info] > git for-each-ref --format=%(refname)%00%(upstream:short)%00%(objectname)%00%(upstream:track)%00%(upstream:remotename)%00%(upstream:remoteref) refs/heads/main refs/remotes/main [2ms]
2024-11-14 00:14:09.331 [warning] [Git][revParse] Unable to read file: ENOENT: no such file or directory, open '/media/pavan-kumar/18df0440-867c-417a-90be-214c87af64ca/jsonschema/.git/refs/remotes/origin/main'
2024-11-14 00:14:09.333 [info] > git rev-parse refs/remotes/origin/main [2ms]
2024-11-14 00:14:09.352 [info] > git for-each-ref --sort -committerdate --format %(refname) %(objectname) %(*objectname) [2ms]
2024-11-14 00:14:09.364 [info] > git status -z -uall [22ms]
2024-11-14 00:14:14.398 [info] > git config --get commit.template [9ms]
2024-11-14 00:14:14.399 [info] > git for-each-ref --format=%(refname)%00%(upstream:short)%00%(objectname)%00%(upstream:track)%00%(upstream:remotename)%00%(upstream:remoteref) refs/heads/main refs/remotes/main [2ms]
2024-11-14 00:14:14.407 [warning] [Git][revParse] Unable to read file: ENOENT: no such file or directory, open '/media/pavan-kumar/18df0440-867c-417a-90be-214c87af64ca/jsonschema/.git/refs/remotes/origin/main'
2024-11-14 00:14:14.409 [info] > git rev-parse refs/remotes/origin/main [2ms]
2024-11-14 00:14:14.433 [info] > git for-each-ref --sort -committerdate --format %(refname) %(objectname) %(*objectname) [2ms]
2024-11-14 00:14:14.445 [info] > git status -z -uall [28ms]
2024-11-14 00:14:19.495 [info] > git config --get commit.template [12ms]
2024-11-14 00:14:19.497 [info] > git for-each-ref --format=%(refname)%00%(upstream:short)%00%(objectname)%00%(upstream:track)%00%(upstream:remotename)%00%(upstream:remoteref) refs/heads/main refs/remotes/main [3ms]
2024-11-14 00:14:19.508 [warning] [Git][revParse] Unable to read file: ENOENT: no such file or directory, open '/media/pavan-kumar/18df0440-867c-417a-90be-214c87af64ca/jsonschema/.git/refs/remotes/origin/main'
2024-11-14 00:14:19.509 [info] > git rev-parse refs/remotes/origin/main [2ms]
2024-11-14 00:14:19.537 [info] > git for-each-ref --sort -committerdate --format %(refname) %(objectname) %(*objectname) [3ms]
2024-11-14 00:14:19.554 [info] > git status -z -uall [32ms]
2024-11-14 00:14:27.990 [info] > git config --get commit.template [26ms]
2024-11-14 00:14:27.992 [info] > git for-each-ref --format=%(refname)%00%(upstream:short)%00%(objectname)%00%(upstream:track)%00%(upstream:remotename)%00%(upstream:remoteref) refs/heads/main refs/remotes/main [3ms]
2024-11-14 00:14:28.008 [warning] [Git][revParse] Unable to read file: ENOENT: no such file or directory, open '/media/pavan-kumar/18df0440-867c-417a-90be-214c87af64ca/jsonschema/.git/refs/remotes/origin/main'
2024-11-14 00:14:28.009 [info] > git rev-parse refs/remotes/origin/main [2ms]
2024-11-14 00:14:28.054 [info] > git for-each-ref --sort -committerdate --format %(refname) %(objectname) %(*objectname) [4ms]
2024-11-14 00:14:28.074 [info] > git status -z -uall [45ms]
2024-11-14 00:14:33.168 [info] > git config --get commit.template [24ms]
2024-11-14 00:14:33.170 [info] > git for-each-ref --format=%(refname)%00%(upstream:short)%00%(objectname)%00%(upstream:track)%00%(upstream:remotename)%00%(upstream:remoteref) refs/heads/main refs/remotes/main [5ms]
2024-11-14 00:14:33.197 [warning] [Git][revParse] Unable to read file: ENOENT: no such file or directory, open '/media/pavan-kumar/18df0440-867c-417a-90be-214c87af64ca/jsonschema/.git/refs/remotes/origin/main'
2024-11-14 00:14:33.202 [info] > git rev-parse refs/remotes/origin/main [5ms]
2024-11-14 00:14:33.238 [info] > git for-each-ref --sort -committerdate --format %(refname) %(objectname) %(*objectname) [4ms]
2024-11-14 00:14:33.263 [info] > git status -z -uall [45ms]
2024-11-14 00:14:38.330 [info] > git config --get commit.template [16ms]
2024-11-14 00:14:38.332 [info] > git for-each-ref --format=%(refname)%00%(upstream:short)%00%(objectname)%00%(upstream:track)%00%(upstream:remotename)%00%(upstream:remoteref) refs/heads/main refs/remotes/main [4ms]
2024-11-14 00:14:38.347 [warning] [Git][revParse] Unable to read file: ENOENT: no such file or directory, open '/media/pavan-kumar/18df0440-867c-417a-90be-214c87af64ca/jsonschema/.git/refs/remotes/origin/main'
2024-11-14 00:14:38.350 [info] > git rev-parse refs/remotes/origin/main [3ms]
2024-11-14 00:14:38.386 [info] > git for-each-ref --sort -committerdate --format %(refname) %(objectname) %(*objectname) [3ms]
2024-11-14 00:14:38.411 [info] > git status -z -uall [46ms]
2024-11-14 00:14:43.485 [info] > git config --get commit.template [17ms]
2024-11-14 00:14:43.487 [info] > git for-each-ref --format=%(refname)%00%(upstream:short)%00%(objectname)%00%(upstream:track)%00%(upstream:remotename)%00%(upstream:remoteref) refs/heads/main refs/remotes/main [4ms]
2024-11-14 00:14:43.501 [warning] [Git][revParse] Unable to read file: ENOENT: no such file or directory, open '/media/pavan-kumar/18df0440-867c-417a-90be-214c87af64ca/jsonschema/.git/refs/remotes/origin/main'
2024-11-14 00:14:43.504 [info] > git rev-parse refs/remotes/origin/main [3ms]
2024-11-14 00:14:43.540 [info] > git for-each-ref --sort -committerdate --format %(refname) %(objectname) %(*objectname) [4ms]
2024-11-14 00:14:43.561 [info] > git status -z -uall [42ms]
2024-11-14 00:14:48.618 [info] > git config --get commit.template [18ms]
2024-11-14 00:14:48.621 [info] > git for-each-ref --format=%(refname)%00%(upstream:short)%00%(objectname)%00%(upstream:track)%00%(upstream:remotename)%00%(upstream:remoteref) refs/heads/main refs/remotes/main [6ms]
2024-11-14 00:14:48.638 [warning] [Git][revParse] Unable to read file: ENOENT: no such file or directory, open '/media/pavan-kumar/18df0440-867c-417a-90be-214c87af64ca/jsonschema/.git/refs/remotes/origin/main'
2024-11-14 00:14:48.642 [info] > git rev-parse refs/remotes/origin/main [4ms]
2024-11-14 00:14:48.679 [info] > git for-each-ref --sort -committerdate --format %(refname) %(objectname) %(*objectname) [5ms]
2024-11-14 00:14:48.706 [info] > git status -z -uall [49ms]
2024-11-14 00:14:49.182 [info] > git config --get commit.template [12ms]
2024-11-14 00:14:49.183 [info] > git for-each-ref --format=%(refname)%00%(upstream:short)%00%(objectname)%00%(upstream:track)%00%(upstream:remotename)%00%(upstream:remoteref) refs/heads/dev refs/remotes/dev [1ms]
2024-11-14 00:14:49.207 [info] > git for-each-ref --sort -committerdate --format %(refname) %(objectname) %(*objectname) [2ms]
2024-11-14 00:14:49.221 [info] > git status -z -uall [28ms]
2024-11-14 00:14:49.256 [info] > git for-each-ref --format=%(refname)%00%(upstream:short)%00%(objectname)%00%(upstream:track)%00%(upstream:remotename)%00%(upstream:remoteref) refs/heads/dev refs/remotes/dev [3ms]
2024-11-14 00:14:49.287 [info] > git config --local branch.dev.vscode-merge-base [7ms]
2024-11-14 00:14:49.287 [warning] [Git][config] git config failed: Failed to execute git
2024-11-14 00:14:49.301 [info] > git reflog dev --grep-reflog=branch: Created from *. [2ms]
2024-11-14 00:14:49.318 [info] > git reflog HEAD --grep-reflog=checkout: moving from .* to dev [5ms]
2024-11-14 00:14:49.464 [info] > git for-each-ref --format=%(refname)%00%(upstream:short)%00%(objectname)%00%(upstream:track)%00%(upstream:remotename)%00%(upstream:remoteref) refs/heads/main refs/remotes/main [135ms]
2024-11-14 00:14:49.473 [info] > git for-each-ref --format=%(refname)%00%(upstream:short)%00%(objectname)%00%(upstream:track)%00%(upstream:remotename)%00%(upstream:remoteref) refs/remotes/origin/main [1ms]
2024-11-14 00:14:49.484 [info] > git config --local branch.dev.vscode-merge-base origin/main [2ms]
2024-11-14 00:14:49.501 [info] > git config --get commit.template [9ms]
2024-11-14 00:14:49.502 [info] > git for-each-ref --format=%(refname)%00%(upstream:short)%00%(objectname)%00%(upstream:track)%00%(upstream:remotename)%00%(upstream:remoteref) refs/heads/dev refs/remotes/dev [1ms]
2024-11-14 00:14:49.518 [info] > git for-each-ref --sort -committerdate --format %(refname) %(objectname) %(*objectname) [2ms]
2024-11-14 00:14:49.530 [info] > git status -z -uall [21ms]
2024-11-14 00:14:49.557 [info] > git for-each-ref --format=%(refname)%00%(upstream:short)%00%(objectname)%00%(upstream:track)%00%(upstream:remotename)%00%(upstream:remoteref) refs/heads/dev refs/remotes/dev [5ms]
2024-11-14 00:14:49.567 [info] > git config --local branch.dev.vscode-merge-base [1ms]
2024-11-14 00:14:49.577 [info] > git for-each-ref --format=%(refname)%00%(upstream:short)%00%(objectname)%00%(upstream:track)%00%(upstream:remotename)%00%(upstream:remoteref) refs/heads/origin/main refs/remotes/origin/main [2ms]
2024-11-14 00:14:50.941 [info] > git ls-files --stage -- /media/pavan-kumar/18df0440-867c-417a-90be-214c87af64ca/jsonschema/src/main.cc [4ms]
2024-11-14 00:14:50.959 [info] > git cat-file -s e75e5e0ec040481ebc49938ace2e6419e3c624a5 [4ms]
2024-11-14 00:14:50.982 [info] > git show --textconv :src/main.cc [5ms]
