2024-11-13 23:58:26.866 [info] Added views:outline in workbench.view.explorer
2024-11-13 23:58:26.867 [info] Added views:workbench.view.search in workbench.view.search
2024-11-13 23:58:26.867 [info] Added views:workbench.scm in workbench.view.scm
2024-11-13 23:58:26.867 [info] Added views:workbench.panel.markers.view in workbench.panel.markers
2024-11-13 23:58:26.867 [info] Added views:workbench.panel.output in workbench.panel.output
2024-11-13 23:58:26.867 [info] Added views:terminal in terminal
2024-11-13 23:58:26.867 [info] Added views:timeline in workbench.view.explorer
2024-11-13 23:58:26.867 [info] Added views:workbench.explorer.fileView in workbench.view.explorer
2024-11-13 23:58:27.764 [info] Added views:workbench.debug.variablesView,workbench.debug.watchExpressionsView,workbench.debug.callStackView,workbench.debug.breakPointsView in workbench.view.debug
2024-11-13 23:58:27.892 [info] Added views:workbench.panel.repl.view in workbench.panel.repl
2024-11-13 23:58:27.894 [info] Removed views:workbench.debug.breakPointsView,workbench.debug.callStackView,workbench.debug.watchExpressionsView,workbench.debug.variablesView from workbench.view.debug
2024-11-13 23:58:27.895 [info] Added views:workbench.debug.welcome in workbench.view.debug
2024-11-13 23:58:28.026 [info] Added views:~remote.forwardedPorts in ~remote.forwardedPortsContainer
2024-11-13 23:58:32.330 [info] Added views:workbench.scm.history in workbench.view.scm
2024-11-13 23:58:59.776 [info] Added views:workbench.views.extensions.installed,workbench.views.extensions.popular,extensions.recommendedList in workbench.view.extensions
2024-11-13 23:58:59.778 [info] Removed views:workbench.views.extensions.popular from workbench.view.extensions
2024-11-13 23:59:00.066 [info] Added views:workbench.views.extensions.popular in workbench.view.extensions
2024-11-13 23:59:00.436 [info] Removed views:extensions.recommendedList,workbench.views.extensions.popular,workbench.views.extensions.installed from workbench.view.extensions
2024-11-13 23:59:00.460 [info] Added views:workbench.views.extensions.marketplace in workbench.view.extensions
2024-11-13 23:59:14.244 [info] Added views:cmake.projectStatus,cmake.outline,cmake.pinnedCommands in workbench.view.extension.cmake-view
2024-11-14 00:01:56.648 [info] Removed views:workbench.views.extensions.marketplace from workbench.view.extensions
2024-11-14 00:01:56.676 [info] Added views:workbench.views.extensions.installed,workbench.views.extensions.popular,extensions.recommendedList in workbench.view.extensions
2024-11-14 00:02:08.876 [info] Removed views:extensions.recommendedList,workbench.views.extensions.popular,workbench.views.extensions.installed from workbench.view.extensions
2024-11-14 00:02:08.898 [info] Added views:workbench.views.extensions.marketplace in workbench.view.extensions
2024-11-14 00:02:23.982 [info] Removed views:workbench.views.extensions.marketplace from workbench.view.extensions
2024-11-14 00:02:24.020 [info] Added views:workbench.views.extensions.installed,workbench.views.extensions.popular,extensions.recommendedList in workbench.view.extensions
2024-11-14 00:02:52.960 [info] Removed views:extensions.recommendedList,workbench.views.extensions.popular,workbench.views.extensions.installed from workbench.view.extensions
2024-11-14 00:02:52.973 [info] Added views:workbench.views.extensions.marketplace in workbench.view.extensions
